#
# There is insufficient memory for the Java Runtime Environment to continue.
# Native memory allocation (mmap) failed to map 134217728 bytes. Error detail: G1 virtual space
# Possible reasons:
#   The system is out of physical RAM or swap space
#   This process is running with CompressedOops enabled, and the Java Heap may be blocking the growth of the native heap
# Possible solutions:
#   Reduce memory load on the system
#   Increase physical memory or swap space
#   Check if swap backing store is full
#   Decrease Java heap size (-Xmx/-Xms)
#   Decrease number of Java threads
#   Decrease Java thread stack sizes (-Xss)
#   Set larger code cache with -XX:ReservedCodeCacheSize=
#   JVM is running with Unscaled Compressed Oops mode in which the Java heap is
#     placed in the first 4GB address space. The Java Heap base address is the
#     maximum limit for the native heap growth. Please use -XX:HeapBaseMinAddress
#     to set the Java Heap base and to place the Java Heap above 4GB virtual address.
# This output file may be truncated or incomplete.
#
#  Out of Memory Error (os_windows.cpp:3713), pid=23912, tid=7912
#
# JRE version:  (21.0.8+9) (build )
# Java VM: OpenJDK 64-Bit Server VM (21.0.8+9-LTS, mixed mode, sharing, tiered, compressed oops, compressed class ptrs, g1 gc, windows-amd64)
# No core dump will be written. Minidumps are not enabled by default on client versions of Windows
#

---------------  S U M M A R Y ------------

Command Line: -ea -Dfile.encoding=UTF-8 -Dstdout.encoding=UTF-8 -Dstderr.encoding=UTF-8 -XX:+ShowCodeDetailsInExceptionMessages org.testng.remote.RemoteTestNG -serport 60655 -protocol json -d C:\Users\gokulakrishnan.v\Documents\Changepond\Selenium\TestNGSelenium\test-output C:\Users\GOKULA~1.V\AppData\Local\Temp\testng-eclipse-269881800\testng-customsuite.xml

Host: Intel(R) Core(TM) i3-2120 CPU @ 3.30GHz, 4 cores, 7G,  Windows 10 , 64 bit Build 19041 (10.0.19041.5794)
Time: Fri Aug 22 14:50:48 2025 India Standard Time elapsed time: 0.107936 seconds (0d 0h 0m 0s)

---------------  T H R E A D  ---------------

Current thread (0x000001e9421bb1a0):  JavaThread "Unknown thread" [_thread_in_vm, id=7912, stack(0x0000009a13d00000,0x0000009a13e00000) (1024K)]

Stack: [0x0000009a13d00000,0x0000009a13e00000]
Native frames: (J=compiled Java code, j=interpreted, Vv=VM code, C=native code)
V  [jvm.dll+0x6d2449]
V  [jvm.dll+0x8ae341]
V  [jvm.dll+0x8b08be]
V  [jvm.dll+0x8b0fa3]
V  [jvm.dll+0x280c96]
V  [jvm.dll+0x6cec15]
V  [jvm.dll+0x6c2c3a]
V  [jvm.dll+0x35867a]
V  [jvm.dll+0x360246]
V  [jvm.dll+0x3b1f9e]
V  [jvm.dll+0x3b2248]
V  [jvm.dll+0x32c8fc]
V  [jvm.dll+0x32d45b]
V  [jvm.dll+0x8775d9]
V  [jvm.dll+0x3bed71]
V  [jvm.dll+0x8605d3]
V  [jvm.dll+0x4530ee]
V  [jvm.dll+0x454d31]
C  [jli.dll+0x5278]
C  [ucrtbase.dll+0x21bb2]
C  [KERNEL32.DLL+0x17374]
C  [ntdll.dll+0x4cc91]


---------------  P R O C E S S  ---------------

Threads class SMR info:
_java_thread_list=0x00007ff9314311c8, length=0, elements={
}

Java Threads: ( => current thread )
Total: 0

Other Threads:
  0x000001e944cd2ac0 WorkerThread "GC Thread#0"                     [id=24336, stack(0x0000009a13e00000,0x0000009a13f00000) (1024K)]
  0x000001e944ce36b0 ConcurrentGCThread "G1 Main Marker"            [id=24604, stack(0x0000009a13f00000,0x0000009a14000000) (1024K)]
  0x000001e944ce40c0 WorkerThread "G1 Conc#0"                       [id=2940, stack(0x0000009a14000000,0x0000009a14100000) (1024K)]

[error occurred during error reporting (printing all threads), id 0xc0000005, EXCEPTION_ACCESS_VIOLATION (0xc0000005) at pc=0x00007ff930b2f137]
VM state: not at safepoint (not fully initialized)

VM Mutex/Monitor currently owned by a thread:  ([mutex/lock_event])
[0x00007ff9314a5558] Heap_lock - owner thread: 0x000001e9421bb1a0

Heap address: 0x0000000081800000, size: 2024 MB, Compressed Oops mode: 32-bit

CDS archive(s) mapped at: [0x0000000000000000-0x0000000000000000-0x0000000000000000), size 0, SharedBaseAddress: 0x0000000800000000, ArchiveRelocationMode: 1.
Narrow klass base: 0x0000000000000000, Narrow klass shift: 0, Narrow klass range: 0x0

GC Precious Log:
 CardTable entry size: 512
 Card Set container configuration: InlinePtr #cards 5 size 8 Array Of Cards #cards 12 size 40 Howl #buckets 4 coarsen threshold 1843 Howl Bitmap #cards 512 size 80 coarsen threshold 460 Card regions per heap region 1 cards per card region 2048

Heap:
 garbage-first heap   total 0K, used 0K [0x0000000081800000, 0x0000000100000000)
  region size 1024K, 0 young (0K), 0 survivors (0K)

[error occurred during error reporting (printing heap information), id 0xc0000005, EXCEPTION_ACCESS_VIOLATION (0xc0000005) at pc=0x00007ff930f1bba9]
GC Heap History (0 events):
No events

Dll operation events (1 events):
Event: 0.070 Loaded shared library C:\Users\gokulakrishnan.v\.p2\pool\plugins\org.eclipse.justj.openjdk.hotspot.jre.full.win32.x86_64_21.0.8.v20250724-1412\jre\bin\java.dll

Deoptimization events (0 events):
No events

Classes loaded (0 events):
No events

Classes unloaded (0 events):
No events

Classes redefined (0 events):
No events

Internal exceptions (0 events):
No events

ZGC Phase Switch (0 events):
No events

VM Operations (0 events):
No events

Memory protections (0 events):
No events

Nmethod flushes (0 events):
No events

Events (0 events):
No events


Dynamic libraries:
0x00007ff7ede30000 - 0x00007ff7ede3e000 	C:\Users\gokulakrishnan.v\.p2\pool\plugins\org.eclipse.justj.openjdk.hotspot.jre.full.win32.x86_64_21.0.8.v20250724-1412\jre\bin\javaw.exe
0x00007ff9880d0000 - 0x00007ff9882c8000 	C:\Windows\SYSTEM32\ntdll.dll
0x00007ff987500000 - 0x00007ff9875c2000 	C:\Windows\System32\KERNEL32.DLL
0x00007ff985d50000 - 0x00007ff986046000 	C:\Windows\System32\KERNELBASE.dll
0x00007ff9857f0000 - 0x00007ff9858f0000 	C:\Windows\System32\ucrtbase.dll
0x00007ff96eaf0000 - 0x00007ff96eb08000 	C:\Users\gokulakrishnan.v\.p2\pool\plugins\org.eclipse.justj.openjdk.hotspot.jre.full.win32.x86_64_21.0.8.v20250724-1412\jre\bin\jli.dll
0x00007ff986720000 - 0x00007ff9868bd000 	C:\Windows\System32\USER32.dll
0x00007ff985970000 - 0x00007ff985992000 	C:\Windows\System32\win32u.dll
0x00007ff9866f0000 - 0x00007ff98671b000 	C:\Windows\System32\GDI32.dll
0x00007ff9859a0000 - 0x00007ff985aba000 	C:\Windows\System32\gdi32full.dll
0x00007ff985ac0000 - 0x00007ff985b5d000 	C:\Windows\System32\msvcp_win.dll
0x00007ff971cc0000 - 0x00007ff971f5a000 	C:\Windows\WinSxS\amd64_microsoft.windows.common-controls_6595b64144ccf1df_6.0.19041.5794_none_60bcd33171f2783c\COMCTL32.dll
0x00007ff986100000 - 0x00007ff98619e000 	C:\Windows\System32\msvcrt.dll
0x00007ff95f0d0000 - 0x00007ff95f0ee000 	C:\Users\gokulakrishnan.v\.p2\pool\plugins\org.eclipse.justj.openjdk.hotspot.jre.full.win32.x86_64_21.0.8.v20250724-1412\jre\bin\VCRUNTIME140.dll
0x00007ff9862f0000 - 0x00007ff98631f000 	C:\Windows\System32\IMM32.DLL
0x00007ff975680000 - 0x00007ff9757da000 	C:\Windows\system32\tmumh\20019\AddOn\8.55.0.1333\TmUmEvt64.dll
0x00007ff987820000 - 0x00007ff987828000 	C:\Windows\System32\PSAPI.DLL
0x00007ff9875d0000 - 0x00007ff98767f000 	C:\Windows\System32\ADVAPI32.dll
0x00007ff986530000 - 0x00007ff9865cf000 	C:\Windows\System32\sechost.dll
0x00007ff987ca0000 - 0x00007ff987dc3000 	C:\Windows\System32\RPCRT4.dll
0x00007ff985770000 - 0x00007ff985797000 	C:\Windows\System32\bcrypt.dll
0x0000000070510000 - 0x0000000070636000 	C:\Windows\system32\tmumh\20019\TmMon\2.9.0.1205\tmmon64.dll
0x00007ff980210000 - 0x00007ff98021c000 	C:\Users\gokulakrishnan.v\.p2\pool\plugins\org.eclipse.justj.openjdk.hotspot.jre.full.win32.x86_64_21.0.8.v20250724-1412\jre\bin\vcruntime140_1.dll
0x00007ff9515b0000 - 0x00007ff95163d000 	C:\Users\gokulakrishnan.v\.p2\pool\plugins\org.eclipse.justj.openjdk.hotspot.jre.full.win32.x86_64_21.0.8.v20250724-1412\jre\bin\msvcp140.dll
0x00007ff9307f0000 - 0x00007ff931587000 	C:\Users\gokulakrishnan.v\.p2\pool\plugins\org.eclipse.justj.openjdk.hotspot.jre.full.win32.x86_64_21.0.8.v20250724-1412\jre\bin\server\jvm.dll
0x00007ff9868c0000 - 0x00007ff98692b000 	C:\Windows\System32\WS2_32.dll
0x00007ff9855d0000 - 0x00007ff98561b000 	C:\Windows\SYSTEM32\POWRPROF.dll
0x00007ff973150000 - 0x00007ff973177000 	C:\Windows\SYSTEM32\WINMM.dll
0x00007ff97e890000 - 0x00007ff97e89a000 	C:\Windows\SYSTEM32\VERSION.dll
0x00007ff9855b0000 - 0x00007ff9855c2000 	C:\Windows\SYSTEM32\UMPDC.dll
0x00007ff983430000 - 0x00007ff983442000 	C:\Windows\SYSTEM32\kernel.appcore.dll
0x00007ff980280000 - 0x00007ff98028a000 	C:\Users\gokulakrishnan.v\.p2\pool\plugins\org.eclipse.justj.openjdk.hotspot.jre.full.win32.x86_64_21.0.8.v20250724-1412\jre\bin\jimage.dll
0x00007ff971a60000 - 0x00007ff971c61000 	C:\Windows\SYSTEM32\DBGHELP.DLL
0x00007ff971820000 - 0x00007ff971854000 	C:\Windows\SYSTEM32\dbgcore.DLL
0x00007ff985b60000 - 0x00007ff985be2000 	C:\Windows\System32\bcryptPrimitives.dll
0x00007ff9665a0000 - 0x00007ff9665bf000 	C:\Users\gokulakrishnan.v\.p2\pool\plugins\org.eclipse.justj.openjdk.hotspot.jre.full.win32.x86_64_21.0.8.v20250724-1412\jre\bin\java.dll

JVMTI agents: none

dbghelp: loaded successfully - version: 4.0.5 - missing functions: none
symbol engine: initialized successfully - sym options: 0x614 - pdb path: .;C:\Users\gokulakrishnan.v\.p2\pool\plugins\org.eclipse.justj.openjdk.hotspot.jre.full.win32.x86_64_21.0.8.v20250724-1412\jre\bin;C:\Windows\SYSTEM32;C:\Windows\WinSxS\amd64_microsoft.windows.common-controls_6595b64144ccf1df_6.0.19041.5794_none_60bcd33171f2783c;C:\Windows\system32\tmumh\20019\AddOn\8.55.0.1333;C:\Windows\system32\tmumh\20019\TmMon\2.9.0.1205;C:\Users\gokulakrishnan.v\.p2\pool\plugins\org.eclipse.justj.openjdk.hotspot.jre.full.win32.x86_64_21.0.8.v20250724-1412\jre\bin\server

VM Arguments:
jvm_args: -ea -Dfile.encoding=UTF-8 -Dstdout.encoding=UTF-8 -Dstderr.encoding=UTF-8 -XX:+ShowCodeDetailsInExceptionMessages 
java_command: org.testng.remote.RemoteTestNG -serport 60655 -protocol json -d C:\Users\gokulakrishnan.v\Documents\Changepond\Selenium\TestNGSelenium\test-output C:\Users\GOKULA~1.V\AppData\Local\Temp\testng-eclipse-269881800\testng-customsuite.xml
java_class_path (initial): C:\Users\gokulakrishnan.v\eclipse\jee-2025-062\eclipse\configuration\org.eclipse.osgi\1008\0\.cp\lib\testng-remote.jar;C:\Users\gokulakrishnan.v\Documents\Changepond\Selenium\TestNGSelenium\bin;C:\Users\gokulakrishnan.v\Documents\Changepond\Selenium jar file\selenium-java-4.35.0\auto-service-annotations-1.1.1.jar;C:\Users\gokulakrishnan.v\Documents\Changepond\Selenium jar file\selenium-java-4.35.0\auto-service-annotations-1.1.1-sources.jar;C:\Users\gokulakrishnan.v\Documents\Changepond\Selenium jar file\selenium-java-4.35.0\byte-buddy-1.17.6.jar;C:\Users\gokulakrishnan.v\Documents\Changepond\Selenium jar file\selenium-java-4.35.0\byte-buddy-1.17.6-sources.jar;C:\Users\gokulakrishnan.v\Documents\Changepond\Selenium jar file\selenium-java-4.35.0\commons-exec-1.5.0.jar;C:\Users\gokulakrishnan.v\Documents\Changepond\Selenium jar file\selenium-java-4.35.0\commons-exec-1.5.0-sources.jar;C:\Users\gokulakrishnan.v\Documents\Changepond\Selenium jar file\selenium-java-4.35.0\error_prone_annotations-2.38.0.jar;C:\Users\gokulakrishnan.v\Documents\Changepond\Selenium jar file\selenium-java-4.35.0\error_prone_annotations-2.38.0-sources.jar;C:\Users\gokulakrishnan.v\Documents\Changepond\Selenium jar file\selenium-java-4.35.0\failureaccess-1.0.3.jar;C:\Users\gokulakrishnan.v\Documents\Changepond\Selenium jar file\selenium-java-4.35.0\failureaccess-1.0.3-sources.jar;C:\Users\gokulakrishnan.v\Documents\Changepond\Selenium jar file\selenium-java-4.35.0\guava-33.4.8-jre.jar;C:\Users\gokulakrishnan.v\Documents\Changepond\Selenium jar file\selenium-java-4.35.0\guava-33.4.8-jre-sources.jar;C:\Users\gokulakrishnan.v\Documents\Changepond\Selenium jar file\selenium-java-4.35.0\j2objc-annotations-3.0.0.jar;C:\Users\gokulakrishnan.v\Documents\Changepond\Selenium jar file\selenium-java-4.35.0\j2objc-annotations-3.0.0-sources.jar;C:\Users\gokulakrishnan.v\Documents\Changepond\Selenium jar file\selenium-java-4.35.0\jspecify-1.0.0.jar;C:\Users\gokulakrishnan.v\Documents\Changepond\Selenium jar file\selenium-java-4.35.0\jspecify-1.0.0-sources.jar;C:\Users\gokulakrishnan.v\Documents\Changepond\Selenium jar file\selenium-java-4.35.0\listenablefuture-9999.0-empty-to-avoid-conflict-with-guava.jar;C:\Users\gokulakrishnan.v\Documents\Changepond\Selenium jar file\selenium-java-4.35.0\opentelemetry-api-1.53.0.jar;C:\Users\gokulakrishnan.v\Documents\Changepond\Selenium jar file\selenium-java-4.35.0\opentelemetry-api-1.53.0-sources.jar;C:\Users\gokulakrishnan.v\Documents\Changepond\Selenium jar file\selenium-java-4.35.0\opentelemetry-common-1.53.0.jar;C:\Users\gokulakrishnan.v\Documents\Changepond\Selenium jar file\selenium-java-4.35.0\opentelemetry-common-1.53.0-sources.jar;C:\Users\gokulakrishnan.v\Documents\Changepond\Selenium jar file\selenium-java-4.35.0\opentelemetry-context-1.53.0.jar;C:\Users\gokulakrishnan.v\Documents\Changepond\Selenium jar file\selenium-java-4.35.0\opentelemetry-context-1.53.0-sources.jar;C:\Users\gokulakrishnan.v\Documents\Changepond\Selenium jar file\selenium-java-4.35.0\opentelemetry-exporter-logging-1.53.0.jar;C:\Users\gokulakrishnan.v\Documents\Changepond\Selenium jar file\selenium-java-4.35.0\opentelemetry-exporter-logging-1.53.0-sources.jar;C:\Users\gokulakrishnan.v\Documents\Changepond\Selenium jar file\selenium-java-4.35.0\opentelemetry-sdk-1.53.0.jar;C:\Users\gokulakrishnan.v\Documents\Changepond\Selenium jar file\selenium-java-4.35.0\opentelemetry-sdk-1.53.0-sources.jar;C:\Users\gokulakrishnan.v\Documents\Changepond\Selenium jar file\selenium-java-4.35.0\opentelemetry-sdk-common-1.53.0.jar;C:\Users\gokulakrishnan.v\Documents\Changepond\Selenium jar file\selenium-java-4.35.0\opentelemetry-sdk-common-1.53.0-sources.jar;C:\Users\gokulakrishnan.v\Documents\Changepond\Selenium jar file\selenium-java-4.35.0\opentelemetry-sdk-extension-autoconfigure-1.53.0.jar;C:\Users\gokulakrishnan.v\Documents\Changepond\Selenium jar file\selenium-java-4.35.0\opentelemetry-sdk-extension-autoconfigure-1.53.0-sources.jar;C:\Users\gokulakrishnan.v\Documents\Changepond\Selenium jar file\selenium-java-4.35.0\opentelemetry-sdk-extension-autoconfigure-spi-1.53.0.jar;C:\Users\gokulakrishnan.v\Documents\Changepond\Selenium jar file\selenium-java-4.35.0\opentelemetry-sdk-extension-autoconfigure-spi-1.53.0-sources.jar;C:\Users\gokulakrishnan.v\Documents\Changepond\Selenium jar file\selenium-java-4.35.0\opentelemetry-sdk-logs-1.53.0.jar;C:\Users\gokulakrishnan.v\Documents\Changepond\Selenium jar file\selenium-java-4.35.0\opentelemetry-sdk-logs-1.53.0-sources.jar;C:\Users\gokulakrishnan.v\Documents\Changepond\Selenium jar file\selenium-java-4.35.0\opentelemetry-sdk-metrics-1.53.0.jar;C:\Users\gokulakrishnan.v\Documents\Changepond\Selenium jar file\selenium-java-4.35.0\opentelemetry-sdk-metrics-1.53.0-sources.jar;C:\Users\gokulakrishnan.v\Documents\Changepond\Selenium jar file\selenium-java-4.35.0\opentelemetry-sdk-trace-1.53.0.jar;C:\Users\gokulakrishnan.v\Documents\Changepond\Selenium jar file\selenium-java-4.35.0\opentelemetry-sdk-trace-1.53.0-sources.jar;C:\Users\gokulakrishnan.v\Documents\Changepond\Selenium jar file\selenium-java-4.35.0\selenium-api-4.35.0.jar;C:\Users\gokulakrishnan.v\Documents\Changepond\Selenium jar file\selenium-java-4.35.0\selenium-api-4.35.0-sources.jar;C:\Users\gokulakrishnan.v\Documents\Changepond\Selenium jar file\selenium-java-4.35.0\selenium-chrome-driver-4.35.0.jar;C:\Users\gokulakrishnan.v\Documents\Changepond\Selenium jar file\selenium-java-4.35.0\selenium-chrome-driver-4.35.0-sources.jar;C:\Users\gokulakrishnan.v\Documents\Changepond\Selenium jar file\selenium-java-4.35.0\selenium-chromium-driver-4.35.0.jar;C:\Users\gokulakrishnan.v\Documents\Changepond\Selenium jar file\selenium-java-4.35.0\selenium-chromium-driver-4.35.0-sources.jar;C:\Users\gokulakrishnan.v\Documents\Changepond\Selenium jar file\selenium-java-4.35.0\selenium-devtools-v137-4.35.0.jar;C:\Users\gokulakrishnan.v\Documents\Changepond\Selenium jar file\selenium-java-4.35.0\selenium-devtools-v137-4.35.0-sources.jar;C:\Users\gokulakrishnan.v\Documents\Changepond\Selenium jar file\selenium-java-4.35.0\selenium-devtools-v138-4.35.0.jar;C:\Users\gokulakrishnan.v\Documents\Changepond\Selenium jar file\selenium-java-4.35.0\selenium-devtools-v138-4.35.0-sources.jar;C:\Users\gokulakrishnan.v\Documents\Changepond\Selenium jar file\selenium-java-4.35.0\selenium-devtools-v139-4.35.0.jar;C:\Users\gokulakrishnan.v\Documents\Changepond\Selenium jar file\selenium-java-4.35.0\selenium-devtools-v139-4.35.0-sources.jar;C:\Users\gokulakrishnan.v\Documents\Changepond\Selenium jar file\selenium-java-4.35.0\selenium-edge-driver-4.35.0.jar;C:\Users\gokulakrishnan.v\Documents\Changepond\Selenium jar file\selenium-java-4.35.0\selenium-edge-driver-4.35.0-sources.jar;C:\Users\gokulakrishnan.v\Documents\Changepond\Selenium jar file\selenium-java-4.35.0\selenium-firefox-driver-4.35.0.jar;C:\Users\gokulakrishnan.v\Documents\Changepond\Selenium jar file\selenium-java-4.35.0\selenium-firefox-driver-4.35.0-sources.jar;C:\Users\gokulakrishnan.v\Documents\Changepond\Selenium jar file\selenium-java-4.35.0\selenium-http-4.35.0.jar;C:\Users\gokulakrishnan.v\Documents\Changepond\Selenium jar file\selenium-java-4.35.0\selenium-http-4.35.0-sources.jar;C:\Users\gokulakrishnan.v\Documents\Changepond\Selenium jar file\selenium-java-4.35.0\selenium-ie-driver-4.35.0.jar;C:\Users\gokulakrishnan.v\Documents\Changepond\Selenium jar file\selenium-java-4.35.0\selenium-ie-driver-4.35.0-sources.jar;C:\Users\gokulakrishnan.v\Documents\Changepond\Selenium jar file\selenium-java-4.35.0\selenium-java-4.35.0.jar;C:\Users\gokulakrishnan.v\Documents\Changepond\Selenium jar file\selenium-java-4.35.0\selenium-java-4.35.0-sources.jar;C:\Users\gokulakrishnan.v\Documents\Changepond\Selenium jar file\selenium-java-4.35.0\selenium-json-4.35.0.jar;C:\Users\gokulakrishnan.v\Documents\Changepond\Selenium jar file\selenium-java-4.35.0\selenium-json-4.35.0-sources.jar;C:\Users\gokulakrishnan.v\Documents\Changepond\Selenium jar file\selenium-java-4.35.0\selenium-manager-4.35.0.jar;C:\Users\gokulakrishnan.v\Documents\Changepond\Selenium jar file\selenium-java-4.35.0\selenium-manager-4.35.0-sources.jar;C:\Users\gokulakrishnan.v\Documents\Changepond\Selenium jar file\selenium-java-4.35.0\selenium-os-4.35.0.jar;C:\Users\gokulakrishnan.v\Documents\Changepond\Selenium jar file\selenium-java-4.35.0\selenium-os-4.35.0-sources.jar;C:\Users\gokulakrishnan.v\Documents\Changepond\Selenium jar file\selenium-java-4.35.0\selenium-remote-driver-4.35.0.jar;C:\Users\gokulakrishnan.v\Documents\Changepond\Selenium jar file\selenium-java-4.35.0\selenium-remote-driver-4.35.0-sources.jar;C:\Users\gokulakrishnan.v\Documents\Changepond\Selenium jar file\selenium-java-4.35.0\selenium-safari-driver-4.35.0.jar;C:\Users\gokulakrishnan.v\Documents\Changepond\Selenium jar file\selenium-java-4.35.0\selenium-safari-driver-4.35.0-sources.jar;C:\Users\gokulakrishnan.v\Documents\Changepond\Selenium jar file\selenium-java-4.35.0\selenium-support-4.35.0.jar;C:\Users\gokulakrishnan.v\Documents\Changepond\Selenium jar file\selenium-java-4.35.0\selenium-support-4.35.0-sources.jar;C:\Users\gokulakrishnan.v\.p2\pool\plugins\org.testng_7.11.0.r202503091654.jar;C:\Users\gokulakrishnan.v\.p2\pool\plugins\com.beust.jcommander_1.83.0.jar;C:\Users\gokulakrishnan.v\.p2\pool\plugins\slf4j.api_2.0.17.jar;C:\Users\gokulakrishnan.v\.p2\pool\plugins\org.yaml.snakeyaml_2.2.0.jar;C:\Users\gokulakrishnan.v\.p2\pool\plugins\org.webjars.jquery_3.7.1.jar
Launcher Type: SUN_STANDARD

[Global flags]
     intx CICompilerCount                          = 3                                         {product} {ergonomic}
     uint ConcGCThreads                            = 1                                         {product} {ergonomic}
     uint G1ConcRefinementThreads                  = 4                                         {product} {ergonomic}
   size_t G1HeapRegionSize                         = 1048576                                   {product} {ergonomic}
    uintx GCDrainStackTargetSize                   = 64                                        {product} {ergonomic}
   size_t InitialHeapSize                          = 134217728                                 {product} {ergonomic}
   size_t MarkStackSize                            = 4194304                                   {product} {ergonomic}
   size_t MaxHeapSize                              = 2122317824                                {product} {ergonomic}
   size_t MinHeapDeltaBytes                        = 1048576                                   {product} {ergonomic}
   size_t MinHeapSize                              = 8388608                                   {product} {ergonomic}
    uintx NonNMethodCodeHeapSize                   = 5832780                                {pd product} {ergonomic}
    uintx NonProfiledCodeHeapSize                  = 122912730                              {pd product} {ergonomic}
    uintx ProfiledCodeHeapSize                     = 122912730                              {pd product} {ergonomic}
    uintx ReservedCodeCacheSize                    = 251658240                              {pd product} {ergonomic}
     bool SegmentedCodeCache                       = true                                      {product} {ergonomic}
     bool ShowCodeDetailsInExceptionMessages       = true                                   {manageable} {command line}
   size_t SoftMaxHeapSize                          = 2122317824                             {manageable} {ergonomic}
     bool UseCompressedOops                        = true                           {product lp64_product} {ergonomic}
     bool UseG1GC                                  = true                                      {product} {ergonomic}
     bool UseLargePagesIndividualAllocation        = false                                  {pd product} {ergonomic}

Logging:
Log output configuration:
 #0: stdout all=warning uptime,level,tags foldmultilines=false
 #1: stderr all=off uptime,level,tags foldmultilines=false

Environment Variables:
JAVA_HOME=C:\Program Files\Java\jdk-21
PATH=C:/Users/gokulakrishnan.v/.p2/pool/plugins/org.eclipse.justj.openjdk.hotspot.jre.full.win32.x86_64_21.0.8.v20250724-1412/jre/bin/server;C:/Users/gokulakrishnan.v/.p2/pool/plugins/org.eclipse.justj.openjdk.hotspot.jre.full.win32.x86_64_21.0.8.v20250724-1412/jre/bin;C:\Program Files\Common Files\Oracle\Java\javapath;C:\Program Files (x86)\Common Files\Oracle\Java\javapath;C:\Windows\system32;C:\Windows;C:\Windows\System32\Wbem;C:\Windows\System32\WindowsPowerShell\v1.0\;C:\Windows\System32\OpenSSH\;C:\Program Files\TortoiseSVN\bin;C:\Program Files\Microsoft SQL Server\150\Tools\Binn\;C:\Program Files\nodejs\;C:\Program Files\Microsoft VS Code\bin;C:\apache-jmeter-5.6.3\apache-jmeter-5.6.3\bin;C:\Program Files\Java\jdk-21\bin;C:\Program Files\Microsoft SQL Server\Client SDK\ODBC\170\Tools\Binn\;C:\Program Files\dotnet\;C:\Users\gokulakrishnan.v\AppData\Local\Microsoft\WindowsApps;C:\Users\gokulakrishnan.v\AppData\Local\Programs\Git\cmd;C:\Windows\system32;
USERNAME=gokulakrishnan.v
OS=Windows_NT
PROCESSOR_IDENTIFIER=Intel64 Family 6 Model 42 Stepping 7, GenuineIntel
TMP=C:\Users\GOKULA~1.V\AppData\Local\Temp
TEMP=C:\Users\GOKULA~1.V\AppData\Local\Temp




Periodic native trim disabled

---------------  S Y S T E M  ---------------

OS:
 Windows 10 , 64 bit Build 19041 (10.0.19041.5794)
OS uptime: 2 days 20:29 hours

CPU: total 4 (initial active 4) (2 cores per cpu, 2 threads per core) family 6 model 42 stepping 7 microcode 0x2f, cx8, cmov, fxsr, ht, mmx, sse, sse2, sse3, ssse3, sse4.1, sse4.2, popcnt, tsc, tscinvbit, avx, clmul, vzeroupper, clflush, rdtscp
Processor Information for the first 4 processors :
  Max Mhz: 3300, Current Mhz: 3300, Mhz Limit: 3300

Memory: 4k page, system-wide physical 8089M (1106M free)
TotalPageFile size 12185M (AvailPageFile size 33M)
current process WorkingSet (physical memory assigned to process): 13M, peak: 13M
current process commit charge ("private bytes"): 55M, peak: 183M

vm_info: OpenJDK 64-Bit Server VM (21.0.8+9-LTS) for windows-amd64 JRE (21.0.8+9-LTS), built on 2025-07-15T00:00:00Z by "admin" with MS VC++ 17.7 (VS2022)

END.
