#
# There is insufficient memory for the Java Runtime Environment to continue.
# Native memory allocation (malloc) failed to allocate 1872016 bytes. Error detail: Chunk::new
# Possible reasons:
#   The system is out of physical RAM or swap space
#   This process is running with CompressedOops enabled, and the Java Heap may be blocking the growth of the native heap
# Possible solutions:
#   Reduce memory load on the system
#   Increase physical memory or swap space
#   Check if swap backing store is full
#   Decrease Java heap size (-Xmx/-Xms)
#   Decrease number of Java threads
#   Decrease Java thread stack sizes (-Xss)
#   Set larger code cache with -XX:ReservedCodeCacheSize=
#   JVM is running with Unscaled Compressed Oops mode in which the Java heap is
#     placed in the first 4GB address space. The Java Heap base address is the
#     maximum limit for the native heap growth. Please use -XX:HeapBaseMinAddress
#     to set the Java Heap base and to place the Java Heap above 4GB virtual address.
# This output file may be truncated or incomplete.
#
#  Out of Memory Error (arena.cpp:168), pid=21320, tid=2300
#
# JRE version: OpenJDK Runtime Environment Temurin-21.0.8+9 (21.0.8+9) (build 21.0.8+9-LTS)
# Java VM: OpenJDK 64-Bit Server VM Temurin-21.0.8+9 (21.0.8+9-LTS, mixed mode, sharing, tiered, compressed oops, compressed class ptrs, g1 gc, windows-amd64)
# No core dump will be written. Minidumps are not enabled by default on client versions of Windows
#

---------------  S U M M A R Y ------------

Command Line: -ea -Dfile.encoding=UTF-8 -Dstdout.encoding=UTF-8 -Dstderr.encoding=UTF-8 -XX:+ShowCodeDetailsInExceptionMessages org.testng.remote.RemoteTestNG -serport 65087 -protocol json -d C:\Users\gokulakrishnan.v\Documents\Changepond\Selenium\TestNGSelenium\test-output C:\Users\GOKULA~1.V\AppData\Local\Temp\testng-eclipse--1411876537\testng-customsuite.xml

Host: Intel(R) Core(TM) i3-2120 CPU @ 3.30GHz, 4 cores, 7G,  Windows 10 , 64 bit Build 19041 (10.0.19041.5794)
Time: Mon Aug 25 10:06:38 2025 India Standard Time elapsed time: 8.805160 seconds (0d 0h 0m 8s)

---------------  T H R E A D  ---------------

Current thread (0x000002010d000080):  JavaThread "C2 CompilerThread0" daemon [_thread_in_native, id=2300, stack(0x000000567e300000,0x000000567e400000) (1024K)]


Current CompileTask:
C2:8805 1710       4       java.lang.invoke.MethodType::makeImpl (109 bytes)

Stack: [0x000000567e300000,0x000000567e400000]
Native frames: (J=compiled Java code, j=interpreted, Vv=VM code, C=native code)
V  [jvm.dll+0x6d2449]
V  [jvm.dll+0x8ae341]
V  [jvm.dll+0x8b08be]
V  [jvm.dll+0x8b0fa3]
V  [jvm.dll+0x280c96]
V  [jvm.dll+0xc581d]
V  [jvm.dll+0xc5d53]
V  [jvm.dll+0x3b9162]
V  [jvm.dll+0x385315]
V  [jvm.dll+0x38477a]
V  [jvm.dll+0x248ed0]
V  [jvm.dll+0x2484af]
V  [jvm.dll+0x1c89ee]
V  [jvm.dll+0x257d4d]
V  [jvm.dll+0x2562ea]
V  [jvm.dll+0x3f2d16]
V  [jvm.dll+0x857e6b]
V  [jvm.dll+0x6d0b0d]
C  [ucrtbase.dll+0x21bb2]
C  [KERNEL32.DLL+0x17374]
C  [ntdll.dll+0x4cc91]


---------------  P R O C E S S  ---------------

Threads class SMR info:
_java_thread_list=0x000002010e4f0c30, length=14, elements={
0x00000200add3afe0, 0x00000200c7e24750, 0x00000200c7e25770, 0x00000200c7e2aa40,
0x00000200c7e29000, 0x00000200c7e2a3b0, 0x00000200c7e29d20, 0x000002010d000080,
0x000002010d002730, 0x00000200c7e2b760, 0x00000200c7e29690, 0x00000200c7e2b0d0,
0x00000200c7e2bdf0, 0x00000200c7e28970
}

Java Threads: ( => current thread )
  0x00000200add3afe0 JavaThread "Forwarding newSession on session null to remote"        [_thread_in_native, id=22652, stack(0x000000567d500000,0x000000567d600000) (1024K)]
  0x00000200c7e24750 JavaThread "Reference Handler"          daemon [_thread_blocked, id=9076, stack(0x000000567dd00000,0x000000567de00000) (1024K)]
  0x00000200c7e25770 JavaThread "Finalizer"                  daemon [_thread_blocked, id=23996, stack(0x000000567de00000,0x000000567df00000) (1024K)]
  0x00000200c7e2aa40 JavaThread "Signal Dispatcher"          daemon [_thread_blocked, id=7752, stack(0x000000567df00000,0x000000567e000000) (1024K)]
  0x00000200c7e29000 JavaThread "Attach Listener"            daemon [_thread_blocked, id=10900, stack(0x000000567e000000,0x000000567e100000) (1024K)]
  0x00000200c7e2a3b0 JavaThread "Service Thread"             daemon [_thread_blocked, id=3348, stack(0x000000567e100000,0x000000567e200000) (1024K)]
  0x00000200c7e29d20 JavaThread "Monitor Deflation Thread"   daemon [_thread_blocked, id=20964, stack(0x000000567e200000,0x000000567e300000) (1024K)]
=>0x000002010d000080 JavaThread "C2 CompilerThread0"         daemon [_thread_in_native, id=2300, stack(0x000000567e300000,0x000000567e400000) (1024K)]
  0x000002010d002730 JavaThread "C1 CompilerThread0"         daemon [_thread_blocked, id=14940, stack(0x000000567e400000,0x000000567e500000) (1024K)]
  0x00000200c7e2b760 JavaThread "Notification Thread"        daemon [_thread_blocked, id=10896, stack(0x000000567e500000,0x000000567e600000) (1024K)]
  0x00000200c7e29690 JavaThread "Common-Cleaner"             daemon [_thread_blocked, id=25352, stack(0x000000567e600000,0x000000567e700000) (1024K)]
  0x00000200c7e2b0d0 JavaThread "ReaderThread"                      [_thread_in_native, id=13968, stack(0x000000567e900000,0x000000567ea00000) (1024K)]
  0x00000200c7e2bdf0 JavaThread "ForkJoinPool.commonPool-worker-1" daemon [_thread_blocked, id=11564, stack(0x000000567ec00000,0x000000567ed00000) (1024K)]
  0x00000200c7e28970 JavaThread "HttpClient-1-SelectorManager" daemon [_thread_in_native, id=7100, stack(0x000000567ed00000,0x000000567ee00000) (1024K)]
Total: 14

Other Threads:
  0x00000200c7e049c0 VMThread "VM Thread"                           [id=23912, stack(0x000000567dc00000,0x000000567dd00000) (1024K)]
  0x00000200c7df1960 WatcherThread "VM Periodic Task Thread"        [id=25032, stack(0x000000567db00000,0x000000567dc00000) (1024K)]
  0x00000200b0863380 WorkerThread "GC Thread#0"                     [id=18220, stack(0x000000567d600000,0x000000567d700000) (1024K)]
  0x000002010d7759e0 WorkerThread "GC Thread#1"                     [id=13052, stack(0x000000567e700000,0x000000567e800000) (1024K)]
  0x000002010d881180 WorkerThread "GC Thread#2"                     [id=9620, stack(0x000000567ea00000,0x000000567eb00000) (1024K)]
  0x000002010d9188a0 WorkerThread "GC Thread#3"                     [id=22688, stack(0x000000567eb00000,0x000000567ec00000) (1024K)]
  0x00000200b08758d0 ConcurrentGCThread "G1 Main Marker"            [id=8744, stack(0x000000567d700000,0x000000567d800000) (1024K)]
  0x00000200b0876760 WorkerThread "G1 Conc#0"                       [id=4576, stack(0x000000567d800000,0x000000567d900000) (1024K)]
  0x00000200c7cb8a00 ConcurrentGCThread "G1 Refine#0"               [id=7480, stack(0x000000567d900000,0x000000567da00000) (1024K)]
  0x00000200c7cba630 ConcurrentGCThread "G1 Service"                [id=23188, stack(0x000000567da00000,0x000000567db00000) (1024K)]
Total: 10

Threads with active compile tasks:
C2 CompilerThread0  9485 1710       4       java.lang.invoke.MethodType::makeImpl (109 bytes)
Total: 1

VM state: not at safepoint (normal execution)

VM Mutex/Monitor currently owned by a thread: None

Heap address: 0x0000000081800000, size: 2024 MB, Compressed Oops mode: 32-bit

CDS archive(s) mapped at: [0x00000200c8000000-0x00000200c8c80000-0x00000200c8c80000), size 13107200, SharedBaseAddress: 0x00000200c8000000, ArchiveRelocationMode: 1.
Compressed class space mapped at: 0x00000200c9000000-0x0000020109000000, reserved size: 1073741824
Narrow klass base: 0x00000200c8000000, Narrow klass shift: 0, Narrow klass range: 0x100000000

GC Precious Log:
 CardTable entry size: 512
 Card Set container configuration: InlinePtr #cards 5 size 8 Array Of Cards #cards 12 size 40 Howl #buckets 4 coarsen threshold 1843 Howl Bitmap #cards 512 size 80 coarsen threshold 460 Card regions per heap region 1 cards per card region 2048
 CPUs: 4 total, 4 available
 Memory: 8089M
 Large Page Support: Disabled
 NUMA Support: Disabled
 Compressed Oops: Enabled (32-bit)
 Heap Region Size: 1M
 Heap Min Capacity: 8M
 Heap Initial Capacity: 128M
 Heap Max Capacity: 2024M
 Pre-touch: Disabled
 Parallel Workers: 4
 Concurrent Workers: 1
 Concurrent Refinement Workers: 4
 Periodic GC: Disabled

Heap:
 garbage-first heap   total 131072K, used 16173K [0x0000000081800000, 0x0000000100000000)
  region size 1024K, 13 young (13312K), 2 survivors (2048K)
 Metaspace       used 14098K, committed 14592K, reserved 1114112K
  class space    used 1686K, committed 1920K, reserved 1048576K

Heap Regions: E=young(eden), S=young(survivor), O=old, HS=humongous(starts), HC=humongous(continues), CS=collection set, F=free, TAMS=top-at-mark-start, PB=parsable bottom
|   0|0x0000000081800000, 0x0000000081900000, 0x0000000081900000|100%|HS|  |TAMS 0x0000000081800000| PB 0x0000000081800000| Complete 
|   1|0x0000000081900000, 0x0000000081a00000, 0x0000000081a00000|100%| O|  |TAMS 0x0000000081900000| PB 0x0000000081900000| Untracked 
|   2|0x0000000081a00000, 0x0000000081b00000, 0x0000000081b00000|100%| O|  |TAMS 0x0000000081a00000| PB 0x0000000081a00000| Untracked 
|   3|0x0000000081b00000, 0x0000000081c00000, 0x0000000081c00000|100%| O|  |TAMS 0x0000000081b00000| PB 0x0000000081b00000| Untracked 
|   4|0x0000000081c00000, 0x0000000081cd1a40, 0x0000000081d00000| 81%| O|  |TAMS 0x0000000081c00000| PB 0x0000000081c00000| Untracked 
|   5|0x0000000081d00000, 0x0000000081d00000, 0x0000000081e00000|  0%| F|  |TAMS 0x0000000081d00000| PB 0x0000000081d00000| Untracked 
|   6|0x0000000081e00000, 0x0000000081e00000, 0x0000000081f00000|  0%| F|  |TAMS 0x0000000081e00000| PB 0x0000000081e00000| Untracked 
|   7|0x0000000081f00000, 0x0000000081f00000, 0x0000000082000000|  0%| F|  |TAMS 0x0000000081f00000| PB 0x0000000081f00000| Untracked 
|   8|0x0000000082000000, 0x0000000082000000, 0x0000000082100000|  0%| F|  |TAMS 0x0000000082000000| PB 0x0000000082000000| Untracked 
|   9|0x0000000082100000, 0x0000000082100000, 0x0000000082200000|  0%| F|  |TAMS 0x0000000082100000| PB 0x0000000082100000| Untracked 
|  10|0x0000000082200000, 0x0000000082200000, 0x0000000082300000|  0%| F|  |TAMS 0x0000000082200000| PB 0x0000000082200000| Untracked 
|  11|0x0000000082300000, 0x0000000082300000, 0x0000000082400000|  0%| F|  |TAMS 0x0000000082300000| PB 0x0000000082300000| Untracked 
|  12|0x0000000082400000, 0x0000000082400000, 0x0000000082500000|  0%| F|  |TAMS 0x0000000082400000| PB 0x0000000082400000| Untracked 
|  13|0x0000000082500000, 0x0000000082500000, 0x0000000082600000|  0%| F|  |TAMS 0x0000000082500000| PB 0x0000000082500000| Untracked 
|  14|0x0000000082600000, 0x0000000082600000, 0x0000000082700000|  0%| F|  |TAMS 0x0000000082600000| PB 0x0000000082600000| Untracked 
|  15|0x0000000082700000, 0x0000000082700000, 0x0000000082800000|  0%| F|  |TAMS 0x0000000082700000| PB 0x0000000082700000| Untracked 
|  16|0x0000000082800000, 0x0000000082800000, 0x0000000082900000|  0%| F|  |TAMS 0x0000000082800000| PB 0x0000000082800000| Untracked 
|  17|0x0000000082900000, 0x0000000082900000, 0x0000000082a00000|  0%| F|  |TAMS 0x0000000082900000| PB 0x0000000082900000| Untracked 
|  18|0x0000000082a00000, 0x0000000082a00000, 0x0000000082b00000|  0%| F|  |TAMS 0x0000000082a00000| PB 0x0000000082a00000| Untracked 
|  19|0x0000000082b00000, 0x0000000082b00000, 0x0000000082c00000|  0%| F|  |TAMS 0x0000000082b00000| PB 0x0000000082b00000| Untracked 
|  20|0x0000000082c00000, 0x0000000082c00000, 0x0000000082d00000|  0%| F|  |TAMS 0x0000000082c00000| PB 0x0000000082c00000| Untracked 
|  21|0x0000000082d00000, 0x0000000082d00000, 0x0000000082e00000|  0%| F|  |TAMS 0x0000000082d00000| PB 0x0000000082d00000| Untracked 
|  22|0x0000000082e00000, 0x0000000082e00000, 0x0000000082f00000|  0%| F|  |TAMS 0x0000000082e00000| PB 0x0000000082e00000| Untracked 
|  23|0x0000000082f00000, 0x0000000082f00000, 0x0000000083000000|  0%| F|  |TAMS 0x0000000082f00000| PB 0x0000000082f00000| Untracked 
|  24|0x0000000083000000, 0x0000000083000000, 0x0000000083100000|  0%| F|  |TAMS 0x0000000083000000| PB 0x0000000083000000| Untracked 
|  25|0x0000000083100000, 0x0000000083100000, 0x0000000083200000|  0%| F|  |TAMS 0x0000000083100000| PB 0x0000000083100000| Untracked 
|  26|0x0000000083200000, 0x0000000083200000, 0x0000000083300000|  0%| F|  |TAMS 0x0000000083200000| PB 0x0000000083200000| Untracked 
|  27|0x0000000083300000, 0x0000000083300000, 0x0000000083400000|  0%| F|  |TAMS 0x0000000083300000| PB 0x0000000083300000| Untracked 
|  28|0x0000000083400000, 0x0000000083400000, 0x0000000083500000|  0%| F|  |TAMS 0x0000000083400000| PB 0x0000000083400000| Untracked 
|  29|0x0000000083500000, 0x0000000083500000, 0x0000000083600000|  0%| F|  |TAMS 0x0000000083500000| PB 0x0000000083500000| Untracked 
|  30|0x0000000083600000, 0x0000000083600000, 0x0000000083700000|  0%| F|  |TAMS 0x0000000083600000| PB 0x0000000083600000| Untracked 
|  31|0x0000000083700000, 0x0000000083700000, 0x0000000083800000|  0%| F|  |TAMS 0x0000000083700000| PB 0x0000000083700000| Untracked 
|  32|0x0000000083800000, 0x0000000083800000, 0x0000000083900000|  0%| F|  |TAMS 0x0000000083800000| PB 0x0000000083800000| Untracked 
|  33|0x0000000083900000, 0x0000000083900000, 0x0000000083a00000|  0%| F|  |TAMS 0x0000000083900000| PB 0x0000000083900000| Untracked 
|  34|0x0000000083a00000, 0x0000000083a00000, 0x0000000083b00000|  0%| F|  |TAMS 0x0000000083a00000| PB 0x0000000083a00000| Untracked 
|  35|0x0000000083b00000, 0x0000000083b00000, 0x0000000083c00000|  0%| F|  |TAMS 0x0000000083b00000| PB 0x0000000083b00000| Untracked 
|  36|0x0000000083c00000, 0x0000000083c00000, 0x0000000083d00000|  0%| F|  |TAMS 0x0000000083c00000| PB 0x0000000083c00000| Untracked 
|  37|0x0000000083d00000, 0x0000000083d00000, 0x0000000083e00000|  0%| F|  |TAMS 0x0000000083d00000| PB 0x0000000083d00000| Untracked 
|  38|0x0000000083e00000, 0x0000000083e00000, 0x0000000083f00000|  0%| F|  |TAMS 0x0000000083e00000| PB 0x0000000083e00000| Untracked 
|  39|0x0000000083f00000, 0x0000000083f00000, 0x0000000084000000|  0%| F|  |TAMS 0x0000000083f00000| PB 0x0000000083f00000| Untracked 
|  40|0x0000000084000000, 0x0000000084000000, 0x0000000084100000|  0%| F|  |TAMS 0x0000000084000000| PB 0x0000000084000000| Untracked 
|  41|0x0000000084100000, 0x0000000084100000, 0x0000000084200000|  0%| F|  |TAMS 0x0000000084100000| PB 0x0000000084100000| Untracked 
|  42|0x0000000084200000, 0x0000000084200000, 0x0000000084300000|  0%| F|  |TAMS 0x0000000084200000| PB 0x0000000084200000| Untracked 
|  43|0x0000000084300000, 0x0000000084300000, 0x0000000084400000|  0%| F|  |TAMS 0x0000000084300000| PB 0x0000000084300000| Untracked 
|  44|0x0000000084400000, 0x0000000084400000, 0x0000000084500000|  0%| F|  |TAMS 0x0000000084400000| PB 0x0000000084400000| Untracked 
|  45|0x0000000084500000, 0x0000000084500000, 0x0000000084600000|  0%| F|  |TAMS 0x0000000084500000| PB 0x0000000084500000| Untracked 
|  46|0x0000000084600000, 0x0000000084600000, 0x0000000084700000|  0%| F|  |TAMS 0x0000000084600000| PB 0x0000000084600000| Untracked 
|  47|0x0000000084700000, 0x0000000084700000, 0x0000000084800000|  0%| F|  |TAMS 0x0000000084700000| PB 0x0000000084700000| Untracked 
|  48|0x0000000084800000, 0x0000000084800000, 0x0000000084900000|  0%| F|  |TAMS 0x0000000084800000| PB 0x0000000084800000| Untracked 
|  49|0x0000000084900000, 0x0000000084900000, 0x0000000084a00000|  0%| F|  |TAMS 0x0000000084900000| PB 0x0000000084900000| Untracked 
|  50|0x0000000084a00000, 0x0000000084a00000, 0x0000000084b00000|  0%| F|  |TAMS 0x0000000084a00000| PB 0x0000000084a00000| Untracked 
|  51|0x0000000084b00000, 0x0000000084b00000, 0x0000000084c00000|  0%| F|  |TAMS 0x0000000084b00000| PB 0x0000000084b00000| Untracked 
|  52|0x0000000084c00000, 0x0000000084c00000, 0x0000000084d00000|  0%| F|  |TAMS 0x0000000084c00000| PB 0x0000000084c00000| Untracked 
|  53|0x0000000084d00000, 0x0000000084d00000, 0x0000000084e00000|  0%| F|  |TAMS 0x0000000084d00000| PB 0x0000000084d00000| Untracked 
|  54|0x0000000084e00000, 0x0000000084e00000, 0x0000000084f00000|  0%| F|  |TAMS 0x0000000084e00000| PB 0x0000000084e00000| Untracked 
|  55|0x0000000084f00000, 0x0000000084f00000, 0x0000000085000000|  0%| F|  |TAMS 0x0000000084f00000| PB 0x0000000084f00000| Untracked 
|  56|0x0000000085000000, 0x0000000085000000, 0x0000000085100000|  0%| F|  |TAMS 0x0000000085000000| PB 0x0000000085000000| Untracked 
|  57|0x0000000085100000, 0x0000000085100000, 0x0000000085200000|  0%| F|  |TAMS 0x0000000085100000| PB 0x0000000085100000| Untracked 
|  58|0x0000000085200000, 0x0000000085200000, 0x0000000085300000|  0%| F|  |TAMS 0x0000000085200000| PB 0x0000000085200000| Untracked 
|  59|0x0000000085300000, 0x0000000085300000, 0x0000000085400000|  0%| F|  |TAMS 0x0000000085300000| PB 0x0000000085300000| Untracked 
|  60|0x0000000085400000, 0x0000000085400000, 0x0000000085500000|  0%| F|  |TAMS 0x0000000085400000| PB 0x0000000085400000| Untracked 
|  61|0x0000000085500000, 0x0000000085500000, 0x0000000085600000|  0%| F|  |TAMS 0x0000000085500000| PB 0x0000000085500000| Untracked 
|  62|0x0000000085600000, 0x0000000085600000, 0x0000000085700000|  0%| F|  |TAMS 0x0000000085600000| PB 0x0000000085600000| Untracked 
|  63|0x0000000085700000, 0x0000000085700000, 0x0000000085800000|  0%| F|  |TAMS 0x0000000085700000| PB 0x0000000085700000| Untracked 
|  64|0x0000000085800000, 0x0000000085800000, 0x0000000085900000|  0%| F|  |TAMS 0x0000000085800000| PB 0x0000000085800000| Untracked 
|  65|0x0000000085900000, 0x0000000085900000, 0x0000000085a00000|  0%| F|  |TAMS 0x0000000085900000| PB 0x0000000085900000| Untracked 
|  66|0x0000000085a00000, 0x0000000085a00000, 0x0000000085b00000|  0%| F|  |TAMS 0x0000000085a00000| PB 0x0000000085a00000| Untracked 
|  67|0x0000000085b00000, 0x0000000085b00000, 0x0000000085c00000|  0%| F|  |TAMS 0x0000000085b00000| PB 0x0000000085b00000| Untracked 
|  68|0x0000000085c00000, 0x0000000085c00000, 0x0000000085d00000|  0%| F|  |TAMS 0x0000000085c00000| PB 0x0000000085c00000| Untracked 
|  69|0x0000000085d00000, 0x0000000085d00000, 0x0000000085e00000|  0%| F|  |TAMS 0x0000000085d00000| PB 0x0000000085d00000| Untracked 
|  70|0x0000000085e00000, 0x0000000085e00000, 0x0000000085f00000|  0%| F|  |TAMS 0x0000000085e00000| PB 0x0000000085e00000| Untracked 
|  71|0x0000000085f00000, 0x0000000085f00000, 0x0000000086000000|  0%| F|  |TAMS 0x0000000085f00000| PB 0x0000000085f00000| Untracked 
|  72|0x0000000086000000, 0x0000000086000000, 0x0000000086100000|  0%| F|  |TAMS 0x0000000086000000| PB 0x0000000086000000| Untracked 
|  73|0x0000000086100000, 0x0000000086100000, 0x0000000086200000|  0%| F|  |TAMS 0x0000000086100000| PB 0x0000000086100000| Untracked 
|  74|0x0000000086200000, 0x0000000086200000, 0x0000000086300000|  0%| F|  |TAMS 0x0000000086200000| PB 0x0000000086200000| Untracked 
|  75|0x0000000086300000, 0x0000000086300000, 0x0000000086400000|  0%| F|  |TAMS 0x0000000086300000| PB 0x0000000086300000| Untracked 
|  76|0x0000000086400000, 0x0000000086400000, 0x0000000086500000|  0%| F|  |TAMS 0x0000000086400000| PB 0x0000000086400000| Untracked 
|  77|0x0000000086500000, 0x0000000086500000, 0x0000000086600000|  0%| F|  |TAMS 0x0000000086500000| PB 0x0000000086500000| Untracked 
|  78|0x0000000086600000, 0x0000000086600000, 0x0000000086700000|  0%| F|  |TAMS 0x0000000086600000| PB 0x0000000086600000| Untracked 
|  79|0x0000000086700000, 0x0000000086700000, 0x0000000086800000|  0%| F|  |TAMS 0x0000000086700000| PB 0x0000000086700000| Untracked 
|  80|0x0000000086800000, 0x0000000086800000, 0x0000000086900000|  0%| F|  |TAMS 0x0000000086800000| PB 0x0000000086800000| Untracked 
|  81|0x0000000086900000, 0x0000000086900000, 0x0000000086a00000|  0%| F|  |TAMS 0x0000000086900000| PB 0x0000000086900000| Untracked 
|  82|0x0000000086a00000, 0x0000000086a00000, 0x0000000086b00000|  0%| F|  |TAMS 0x0000000086a00000| PB 0x0000000086a00000| Untracked 
|  83|0x0000000086b00000, 0x0000000086b00000, 0x0000000086c00000|  0%| F|  |TAMS 0x0000000086b00000| PB 0x0000000086b00000| Untracked 
|  84|0x0000000086c00000, 0x0000000086c00000, 0x0000000086d00000|  0%| F|  |TAMS 0x0000000086c00000| PB 0x0000000086c00000| Untracked 
|  85|0x0000000086d00000, 0x0000000086d00000, 0x0000000086e00000|  0%| F|  |TAMS 0x0000000086d00000| PB 0x0000000086d00000| Untracked 
|  86|0x0000000086e00000, 0x0000000086e00000, 0x0000000086f00000|  0%| F|  |TAMS 0x0000000086e00000| PB 0x0000000086e00000| Untracked 
|  87|0x0000000086f00000, 0x0000000086f00000, 0x0000000087000000|  0%| F|  |TAMS 0x0000000086f00000| PB 0x0000000086f00000| Untracked 
|  88|0x0000000087000000, 0x0000000087000000, 0x0000000087100000|  0%| F|  |TAMS 0x0000000087000000| PB 0x0000000087000000| Untracked 
|  89|0x0000000087100000, 0x0000000087100000, 0x0000000087200000|  0%| F|  |TAMS 0x0000000087100000| PB 0x0000000087100000| Untracked 
|  90|0x0000000087200000, 0x0000000087200000, 0x0000000087300000|  0%| F|  |TAMS 0x0000000087200000| PB 0x0000000087200000| Untracked 
|  91|0x0000000087300000, 0x0000000087300000, 0x0000000087400000|  0%| F|  |TAMS 0x0000000087300000| PB 0x0000000087300000| Untracked 
|  92|0x0000000087400000, 0x0000000087400000, 0x0000000087500000|  0%| F|  |TAMS 0x0000000087400000| PB 0x0000000087400000| Untracked 
|  93|0x0000000087500000, 0x0000000087500000, 0x0000000087600000|  0%| F|  |TAMS 0x0000000087500000| PB 0x0000000087500000| Untracked 
|  94|0x0000000087600000, 0x0000000087600000, 0x0000000087700000|  0%| F|  |TAMS 0x0000000087600000| PB 0x0000000087600000| Untracked 
|  95|0x0000000087700000, 0x0000000087700000, 0x0000000087800000|  0%| F|  |TAMS 0x0000000087700000| PB 0x0000000087700000| Untracked 
|  96|0x0000000087800000, 0x0000000087800000, 0x0000000087900000|  0%| F|  |TAMS 0x0000000087800000| PB 0x0000000087800000| Untracked 
|  97|0x0000000087900000, 0x0000000087900000, 0x0000000087a00000|  0%| F|  |TAMS 0x0000000087900000| PB 0x0000000087900000| Untracked 
|  98|0x0000000087a00000, 0x0000000087a00000, 0x0000000087b00000|  0%| F|  |TAMS 0x0000000087a00000| PB 0x0000000087a00000| Untracked 
|  99|0x0000000087b00000, 0x0000000087b00000, 0x0000000087c00000|  0%| F|  |TAMS 0x0000000087b00000| PB 0x0000000087b00000| Untracked 
| 100|0x0000000087c00000, 0x0000000087c00000, 0x0000000087d00000|  0%| F|  |TAMS 0x0000000087c00000| PB 0x0000000087c00000| Untracked 
| 101|0x0000000087d00000, 0x0000000087d00000, 0x0000000087e00000|  0%| F|  |TAMS 0x0000000087d00000| PB 0x0000000087d00000| Untracked 
| 102|0x0000000087e00000, 0x0000000087e00000, 0x0000000087f00000|  0%| F|  |TAMS 0x0000000087e00000| PB 0x0000000087e00000| Untracked 
| 103|0x0000000087f00000, 0x0000000087f00000, 0x0000000088000000|  0%| F|  |TAMS 0x0000000087f00000| PB 0x0000000087f00000| Untracked 
| 104|0x0000000088000000, 0x0000000088000000, 0x0000000088100000|  0%| F|  |TAMS 0x0000000088000000| PB 0x0000000088000000| Untracked 
| 105|0x0000000088100000, 0x0000000088100000, 0x0000000088200000|  0%| F|  |TAMS 0x0000000088100000| PB 0x0000000088100000| Untracked 
| 106|0x0000000088200000, 0x0000000088200000, 0x0000000088300000|  0%| F|  |TAMS 0x0000000088200000| PB 0x0000000088200000| Untracked 
| 107|0x0000000088300000, 0x0000000088300000, 0x0000000088400000|  0%| F|  |TAMS 0x0000000088300000| PB 0x0000000088300000| Untracked 
| 108|0x0000000088400000, 0x00000000884f9a60, 0x0000000088500000| 97%| S|CS|TAMS 0x0000000088400000| PB 0x0000000088400000| Complete 
| 109|0x0000000088500000, 0x0000000088600000, 0x0000000088600000|100%| S|CS|TAMS 0x0000000088500000| PB 0x0000000088500000| Complete 
| 110|0x0000000088600000, 0x0000000088600000, 0x0000000088700000|  0%| F|  |TAMS 0x0000000088600000| PB 0x0000000088600000| Untracked 
| 111|0x0000000088700000, 0x0000000088700000, 0x0000000088800000|  0%| F|  |TAMS 0x0000000088700000| PB 0x0000000088700000| Untracked 
| 112|0x0000000088800000, 0x0000000088800000, 0x0000000088900000|  0%| F|  |TAMS 0x0000000088800000| PB 0x0000000088800000| Untracked 
| 113|0x0000000088900000, 0x0000000088900000, 0x0000000088a00000|  0%| F|  |TAMS 0x0000000088900000| PB 0x0000000088900000| Untracked 
| 114|0x0000000088a00000, 0x0000000088a00000, 0x0000000088b00000|  0%| F|  |TAMS 0x0000000088a00000| PB 0x0000000088a00000| Untracked 
| 115|0x0000000088b00000, 0x0000000088b00000, 0x0000000088c00000|  0%| F|  |TAMS 0x0000000088b00000| PB 0x0000000088b00000| Untracked 
| 116|0x0000000088c00000, 0x0000000088c00000, 0x0000000088d00000|  0%| F|  |TAMS 0x0000000088c00000| PB 0x0000000088c00000| Untracked 
| 117|0x0000000088d00000, 0x0000000088da33f8, 0x0000000088e00000| 63%| E|  |TAMS 0x0000000088d00000| PB 0x0000000088d00000| Complete 
| 118|0x0000000088e00000, 0x0000000088f00000, 0x0000000088f00000|100%| E|CS|TAMS 0x0000000088e00000| PB 0x0000000088e00000| Complete 
| 119|0x0000000088f00000, 0x0000000089000000, 0x0000000089000000|100%| E|CS|TAMS 0x0000000088f00000| PB 0x0000000088f00000| Complete 
| 120|0x0000000089000000, 0x0000000089100000, 0x0000000089100000|100%| E|CS|TAMS 0x0000000089000000| PB 0x0000000089000000| Complete 
| 121|0x0000000089100000, 0x0000000089200000, 0x0000000089200000|100%| E|CS|TAMS 0x0000000089100000| PB 0x0000000089100000| Complete 
| 122|0x0000000089200000, 0x0000000089300000, 0x0000000089300000|100%| E|CS|TAMS 0x0000000089200000| PB 0x0000000089200000| Complete 
| 123|0x0000000089300000, 0x0000000089400000, 0x0000000089400000|100%| E|CS|TAMS 0x0000000089300000| PB 0x0000000089300000| Complete 
| 124|0x0000000089400000, 0x0000000089500000, 0x0000000089500000|100%| E|CS|TAMS 0x0000000089400000| PB 0x0000000089400000| Complete 
| 125|0x0000000089500000, 0x0000000089600000, 0x0000000089600000|100%| E|CS|TAMS 0x0000000089500000| PB 0x0000000089500000| Complete 
| 126|0x0000000089600000, 0x0000000089700000, 0x0000000089700000|100%| E|  |TAMS 0x0000000089600000| PB 0x0000000089600000| Complete 
| 127|0x0000000089700000, 0x0000000089800000, 0x0000000089800000|100%| E|CS|TAMS 0x0000000089700000| PB 0x0000000089700000| Complete 

Card table byte_map: [0x00000200c3570000,0x00000200c3970000] _byte_map_base: 0x00000200c3164000

Marking Bits: (CMBitMap*) 0x00000200b0863990
 Bits: [0x00000200c3970000, 0x00000200c5910000)

Polling page: 0x00000200addc0000

Metaspace:

Usage:
  Non-class:     12.12 MB used.
      Class:      1.65 MB used.
       Both:     13.77 MB used.

Virtual space:
  Non-class space:       64.00 MB reserved,      12.38 MB ( 19%) committed,  1 nodes.
      Class space:        1.00 GB reserved,       1.88 MB ( <1%) committed,  1 nodes.
             Both:        1.06 GB reserved,      14.25 MB (  1%) committed. 

Chunk freelists:
   Non-Class:  2.79 MB
       Class:  14.17 MB
        Both:  16.96 MB

MaxMetaspaceSize: unlimited
CompressedClassSpaceSize: 1.00 GB
Initial GC threshold: 21.00 MB
Current GC threshold: 21.00 MB
CDS: on
 - commit_granule_bytes: 65536.
 - commit_granule_words: 8192.
 - virtual_space_node_default_size: 8388608.
 - enlarge_chunks_in_place: 1.
 - use_allocation_guard: 0.


Internal statistics:

num_allocs_failed_limit: 0.
num_arena_births: 444.
num_arena_deaths: 0.
num_vsnodes_births: 2.
num_vsnodes_deaths: 0.
num_space_committed: 228.
num_space_uncommitted: 0.
num_chunks_returned_to_freelist: 0.
num_chunks_taken_from_freelist: 815.
num_chunk_merges: 0.
num_chunk_splits: 484.
num_chunks_enlarged: 250.
num_inconsistent_stats: 0.

CodeHeap 'non-profiled nmethods': size=120000Kb used=730Kb max_used=730Kb free=119269Kb
 bounds [0x00000200bbc40000, 0x00000200bbeb0000, 0x00000200c3170000]
CodeHeap 'profiled nmethods': size=120000Kb used=3764Kb max_used=3764Kb free=116236Kb
 bounds [0x00000200b4170000, 0x00000200b4520000, 0x00000200bb6a0000]
CodeHeap 'non-nmethods': size=5760Kb used=1491Kb max_used=1502Kb free=4268Kb
 bounds [0x00000200bb6a0000, 0x00000200bb910000, 0x00000200bbc40000]
CodeCache: size=245760Kb, used=5985Kb, max_used=5996Kb, free=239773Kb
 total_blobs=2600, nmethods=2035, adapters=469, full_count=0
Compilation: enabled, stopped_count=0, restarted_count=0

Compilation events (20 events):
Event: 8.735 Thread 0x000002010d002730 nmethod 1803 0x00000200b44a5c90 code [0x00000200b44a5e40, 0x00000200b44a5fa8]
Event: 8.735 Thread 0x000002010d002730 1804       3       java.util.Arrays$ArrayItr::next (36 bytes)
Event: 8.736 Thread 0x000002010d002730 nmethod 1804 0x00000200b44a6010 code [0x00000200b44a61c0, 0x00000200b44a6410]
Event: 8.736 Thread 0x000002010d002730 1806       3       java.util.Arrays$ArrayList::indexOf (62 bytes)
Event: 8.736 Thread 0x000002010d002730 nmethod 1806 0x00000200b44a6510 code [0x00000200b44a6700, 0x00000200b44a6b58]
Event: 8.736 Thread 0x000002010d002730 1805       3       java.util.Arrays$ArrayList::contains (14 bytes)
Event: 8.737 Thread 0x000002010d002730 nmethod 1805 0x00000200b44a6d10 code [0x00000200b44a6ec0, 0x00000200b44a7068]
Event: 8.737 Thread 0x000002010d002730 1807       3       java.util.RegularEnumSet::isEmpty (15 bytes)
Event: 8.737 Thread 0x000002010d002730 nmethod 1807 0x00000200b44a7110 code [0x00000200b44a72a0, 0x00000200b44a7408]
Event: 8.737 Thread 0x000002010d002730 1808       3       sun.security.util.DisabledAlgorithmConstraints::permits (70 bytes)
Event: 8.737 Thread 0x000002010e1d3ed0 nmethod 1780 0x00000200bbce4990 code [0x00000200bbce4b20, 0x00000200bbce4e68]
Event: 8.737 Thread 0x000002010e1d3ed0 1799       4       java.util.HashMap::put (13 bytes)
Event: 8.737 Thread 0x000002010d002730 nmethod 1808 0x00000200b44a7490 code [0x00000200b44a76c0, 0x00000200b44a7d28]
Event: 8.737 Thread 0x000002010d002730 1809   !   3       sun.security.util.DisabledAlgorithmConstraints::cachedCheckAlgorithm (116 bytes)
Event: 8.738 Thread 0x000002010d002730 nmethod 1809 0x00000200b44a7f90 code [0x00000200b44a8220, 0x00000200b44a9178]
Event: 8.738 Thread 0x000002010d002730 1810       3       sun.security.ssl.CipherSuite::supports (11 bytes)
Event: 8.739 Thread 0x000002010d002730 nmethod 1810 0x00000200b44a9610 code [0x00000200b44a97c0, 0x00000200b44a9998]
Event: 8.750 Thread 0x000002010e1d3ed0 nmethod 1799 0x00000200bbce5090 code [0x00000200bbce52c0, 0x00000200bbce5be0]
Event: 8.750 Thread 0x000002010e1d3ed0 1786       4       java.lang.StringLatin1::getChar (9 bytes)
Event: 8.750 Thread 0x000002010e1d3ed0 nmethod 1786 0x00000200bbce6190 code [0x00000200bbce6320, 0x00000200bbce63c8]

GC Heap History (4 events):
Event: 3.027 GC heap before
{Heap before GC invocations=0 (full 0):
 garbage-first heap   total 131072K, used 14336K [0x0000000081800000, 0x0000000100000000)
  region size 1024K, 13 young (13312K), 0 survivors (0K)
 Metaspace       used 5679K, committed 5888K, reserved 1114112K
  class space    used 616K, committed 704K, reserved 1048576K
}
Event: 3.032 GC heap after
{Heap after GC invocations=1 (full 0):
 garbage-first heap   total 131072K, used 4850K [0x0000000081800000, 0x0000000100000000)
  region size 1024K, 2 young (2048K), 2 survivors (2048K)
 Metaspace       used 5679K, committed 5888K, reserved 1114112K
  class space    used 616K, committed 704K, reserved 1048576K
}
Event: 8.688 GC heap before
{Heap before GC invocations=1 (full 0):
 garbage-first heap   total 131072K, used 21234K [0x0000000081800000, 0x0000000100000000)
  region size 1024K, 18 young (18432K), 2 survivors (2048K)
 Metaspace       used 11230K, committed 11648K, reserved 1114112K
  class space    used 1366K, committed 1536K, reserved 1048576K
}
Event: 8.695 GC heap after
{Heap after GC invocations=2 (full 0):
 garbage-first heap   total 131072K, used 6957K [0x0000000081800000, 0x0000000100000000)
  region size 1024K, 2 young (2048K), 2 survivors (2048K)
 Metaspace       used 11230K, committed 11648K, reserved 1114112K
  class space    used 1366K, committed 1536K, reserved 1048576K
}

Dll operation events (10 events):
Event: 0.110 Loaded shared library C:\Users\gokulakrishnan.v\.p2\pool\plugins\org.eclipse.justj.openjdk.hotspot.jre.full.win32.x86_64_21.0.8.v20250724-1412\jre\bin\java.dll
Event: 0.448 Loaded shared library C:\Users\gokulakrishnan.v\.p2\pool\plugins\org.eclipse.justj.openjdk.hotspot.jre.full.win32.x86_64_21.0.8.v20250724-1412\jre\bin\zip.dll
Event: 0.621 Loaded shared library C:\Users\gokulakrishnan.v\.p2\pool\plugins\org.eclipse.justj.openjdk.hotspot.jre.full.win32.x86_64_21.0.8.v20250724-1412\jre\bin\net.dll
Event: 0.651 Loaded shared library C:\Users\gokulakrishnan.v\.p2\pool\plugins\org.eclipse.justj.openjdk.hotspot.jre.full.win32.x86_64_21.0.8.v20250724-1412\jre\bin\nio.dll
Event: 0.705 Loaded shared library C:\Users\gokulakrishnan.v\.p2\pool\plugins\org.eclipse.justj.openjdk.hotspot.jre.full.win32.x86_64_21.0.8.v20250724-1412\jre\bin\zip.dll
Event: 1.004 Loaded shared library C:\Users\gokulakrishnan.v\.p2\pool\plugins\org.eclipse.justj.openjdk.hotspot.jre.full.win32.x86_64_21.0.8.v20250724-1412\jre\bin\jimage.dll
Event: 1.275 Loaded shared library C:\Users\gokulakrishnan.v\.p2\pool\plugins\org.eclipse.justj.openjdk.hotspot.jre.full.win32.x86_64_21.0.8.v20250724-1412\jre\bin\extnet.dll
Event: 3.518 Loaded shared library C:\Users\gokulakrishnan.v\.p2\pool\plugins\org.eclipse.justj.openjdk.hotspot.jre.full.win32.x86_64_21.0.8.v20250724-1412\jre\bin\management.dll
Event: 3.626 Loaded shared library C:\Users\gokulakrishnan.v\.p2\pool\plugins\org.eclipse.justj.openjdk.hotspot.jre.full.win32.x86_64_21.0.8.v20250724-1412\jre\bin\management_ext.dll
Event: 8.606 Loaded shared library C:\Users\gokulakrishnan.v\.p2\pool\plugins\org.eclipse.justj.openjdk.hotspot.jre.full.win32.x86_64_21.0.8.v20250724-1412\jre\bin\sunmscapi.dll

Deoptimization events (20 events):
Event: 7.916 Thread 0x00000200add3afe0 Uncommon trap: trap_request=0xffffff45 fr.pc=0x00000200bbcbbd8c relative=0x0000000000000c6c
Event: 7.916 Thread 0x00000200add3afe0 Uncommon trap: reason=unstable_if action=reinterpret pc=0x00000200bbcbbd8c method=jdk.internal.org.objectweb.asm.Frame.execute(IILjdk/internal/org/objectweb/asm/Symbol;Ljdk/internal/org/objectweb/asm/SymbolTable;)V @ 1 c2
Event: 7.916 Thread 0x00000200add3afe0 DEOPT PACKING pc=0x00000200bbcbbd8c sp=0x000000567d5fc4a0
Event: 7.916 Thread 0x00000200add3afe0 DEOPT UNPACKING pc=0x00000200bb6f46a2 sp=0x000000567d5fc408 mode 2
Event: 8.484 Thread 0x00000200add3afe0 Uncommon trap: trap_request=0xffffff45 fr.pc=0x00000200bbca542c relative=0x000000000000010c
Event: 8.484 Thread 0x00000200add3afe0 Uncommon trap: reason=unstable_if action=reinterpret pc=0x00000200bbca542c method=jdk.internal.org.objectweb.asm.ByteVector.putShort(I)Ljdk/internal/org/objectweb/asm/ByteVector; @ 13 c2
Event: 8.484 Thread 0x00000200add3afe0 DEOPT PACKING pc=0x00000200bbca542c sp=0x000000567d5fb1a0
Event: 8.484 Thread 0x00000200add3afe0 DEOPT UNPACKING pc=0x00000200bb6f46a2 sp=0x000000567d5fb138 mode 2
Event: 8.630 Thread 0x00000200add3afe0 Uncommon trap: trap_request=0xffffffde fr.pc=0x00000200bbcca4e4 relative=0x0000000000000304
Event: 8.630 Thread 0x00000200add3afe0 Uncommon trap: reason=class_check action=maybe_recompile pc=0x00000200bbcca4e4 method=java.util.regex.Pattern$BmpCharPropertyGreedy.match(Ljava/util/regex/Matcher;ILjava/lang/CharSequence;)Z @ 26 c2
Event: 8.630 Thread 0x00000200add3afe0 DEOPT PACKING pc=0x00000200bbcca4e4 sp=0x000000567d5fae10
Event: 8.631 Thread 0x00000200add3afe0 DEOPT UNPACKING pc=0x00000200bb6f46a2 sp=0x000000567d5fadc8 mode 2
Event: 8.635 Thread 0x00000200add3afe0 Uncommon trap: trap_request=0xffffff45 fr.pc=0x00000200bbccb6e0 relative=0x0000000000000720
Event: 8.635 Thread 0x00000200add3afe0 Uncommon trap: reason=unstable_if action=reinterpret pc=0x00000200bbccb6e0 method=java.util.regex.Matcher.search(I)Z @ 30 c2
Event: 8.635 Thread 0x00000200add3afe0 DEOPT PACKING pc=0x00000200bbccb6e0 sp=0x000000567d5fb820
Event: 8.635 Thread 0x00000200add3afe0 DEOPT UNPACKING pc=0x00000200bb6f46a2 sp=0x000000567d5fb800 mode 2
Event: 8.635 Thread 0x00000200add3afe0 Uncommon trap: trap_request=0xffffff6e fr.pc=0x00000200bbc9e3b8 relative=0x00000000000003f8
Event: 8.635 Thread 0x00000200add3afe0 Uncommon trap: reason=loop_limit_check action=maybe_recompile pc=0x00000200bbc9e3b8 method=java.lang.StringLatin1.indexOf([BI[BII)I @ 37 c2
Event: 8.635 Thread 0x00000200add3afe0 DEOPT PACKING pc=0x00000200bbc9e3b8 sp=0x000000567d5fb9a0
Event: 8.635 Thread 0x00000200add3afe0 DEOPT UNPACKING pc=0x00000200bb6f46a2 sp=0x000000567d5fb900 mode 2

Classes loaded (20 events):
Event: 8.741 Loading class sun/security/ssl/TrustStoreManager$TrustStoreDescriptor done
Event: 8.741 Loading class sun/security/util/FilePaths
Event: 8.741 Loading class sun/security/util/FilePaths done
Event: 8.741 Loading class sun/security/ssl/TrustStoreManager$TrustStoreDescriptor$1
Event: 8.741 Loading class sun/security/ssl/TrustStoreManager$TrustStoreDescriptor$1 done
Event: 8.741 Loading class java/security/KeyStore
Event: 8.742 Loading class java/security/KeyStore done
Event: 8.743 Loading class java/security/KeyStoreSpi
Event: 8.744 Loading class java/security/KeyStoreSpi done
Event: 8.744 Loading class sun/security/pkcs12/PKCS12KeyStore$DualFormatPKCS12
Event: 8.744 Loading class sun/security/util/KeyStoreDelegator
Event: 8.744 Loading class sun/security/util/KeyStoreDelegator done
Event: 8.744 Loading class sun/security/pkcs12/PKCS12KeyStore$DualFormatPKCS12 done
Event: 8.744 Loading class sun/security/pkcs12/PKCS12KeyStore
Event: 8.746 Loading class sun/security/pkcs12/PKCS12KeyStore done
Event: 8.746 Loading class sun/security/provider/JavaKeyStore$JKS
Event: 8.746 Loading class sun/security/provider/JavaKeyStore
Event: 8.746 Loading class sun/security/provider/JavaKeyStore done
Event: 8.746 Loading class sun/security/provider/JavaKeyStore$JKS done
Event: 8.747 Loading class sun/security/action/OpenFileInputStreamAction

Classes unloaded (0 events):
No events

Classes redefined (0 events):
No events

Internal exceptions (20 events):
Event: 7.926 Thread 0x00000200add3afe0 Exception <a 'java/lang/NoSuchMethodError'{0x0000000088de3370}: 'java.lang.Object java.lang.invoke.DirectMethodHandle$Holder.invokeVirtual(java.lang.Object, java.lang.Object, java.lang.Object)'> (0x0000000088de3370) 
thrown [s\src\hotspot\share\interpreter\linkResolver.cpp, line 773]
Event: 8.459 Thread 0x00000200add3afe0 Exception <a 'java/lang/NoSuchMethodError'{0x0000000088836e28}: 'java.lang.Object java.lang.invoke.DirectMethodHandle$Holder.invokeStatic(java.lang.Object, java.lang.Object, int)'> (0x0000000088836e28) 
thrown [s\src\hotspot\share\interpreter\linkResolver.cpp, line 773]
Event: 8.459 Thread 0x00000200add3afe0 Exception <a 'java/lang/NoSuchMethodError'{0x000000008883a4b8}: 'java.lang.Object java.lang.invoke.DirectMethodHandle$Holder.invokeStaticInit(java.lang.Object, java.lang.Object, int)'> (0x000000008883a4b8) 
thrown [s\src\hotspot\share\interpreter\linkResolver.cpp, line 773]
Event: 8.460 Thread 0x00000200add3afe0 Exception <a 'java/lang/NoSuchMethodError'{0x0000000088840178}: 'java.lang.Object java.lang.invoke.DirectMethodHandle$Holder.newInvokeSpecial(java.lang.Object, java.lang.Object, int)'> (0x0000000088840178) 
thrown [s\src\hotspot\share\interpreter\linkResolver.cpp, line 773]
Event: 8.462 Thread 0x00000200add3afe0 Exception <a 'java/lang/NoSuchMethodError'{0x0000000088855480}: 'int java.lang.invoke.DirectMethodHandle$Holder.invokeSpecialIFC(java.lang.Object, java.lang.Object, java.lang.Object)'> (0x0000000088855480) 
thrown [s\src\hotspot\share\interpreter\linkResolver.cpp, line 773]
Event: 8.469 Thread 0x00000200add3afe0 Exception <a 'java/lang/NoSuchMethodError'{0x0000000088883b38}: 'java.lang.Object java.lang.invoke.DirectMethodHandle$Holder.invokeStaticInit(java.lang.Object, java.lang.Object, java.lang.Object, java.lang.Object, java.lang.Object, java.lang.Object, java.lang.Object)'> (0x0000000088883b38) 
thrown [s\src\hotspot\share\interpreter\linkResolver.cpp, line 773]
Event: 8.470 Thread 0x00000200add3afe0 Exception <a 'java/lang/NoSuchMethodError'{0x0000000088888560}: 'java.lang.Object java.lang.invoke.Invokers$Holder.invoke_MT(java.lang.Object, java.lang.Object, java.lang.Object, java.lang.Object, java.lang.Object, java.lang.Object, java.lang.Object, java.lang.Object, java.lang.Object, java.lang.Object)'> (0x0000000088888560) 
thrown [s\src\hotspot\share\interpreter\linkResolver.cpp, line 773]
Event: 8.473 Thread 0x00000200add3afe0 Exception <a 'java/lang/NoSuchMethodError'{0x000000008889c1a8}: 'void java.lang.invoke.DelegatingMethodHandle$Holder.delegate(java.lang.Object, java.lang.Object, int, java.lang.Object)'> (0x000000008889c1a8) 
thrown [s\src\hotspot\share\interpreter\linkResolver.cpp, line 773]
Event: 8.476 Thread 0x00000200add3afe0 Exception <a 'java/lang/NoSuchMethodError'{0x00000000888b9738}: 'int java.lang.invoke.DirectMethodHandle$Holder.invokeVirtual(java.lang.Object, java.lang.Object, java.lang.Object)'> (0x00000000888b9738) 
thrown [s\src\hotspot\share\interpreter\linkResolver.cpp, line 773]
Event: 8.477 Thread 0x00000200add3afe0 Exception <a 'java/lang/NoSuchMethodError'{0x00000000888bdd18}: 'int java.lang.invoke.DirectMethodHandle$Holder.invokeStaticInit(java.lang.Object, int, int)'> (0x00000000888bdd18) 
thrown [s\src\hotspot\share\interpreter\linkResolver.cpp, line 773]
Event: 8.477 Thread 0x00000200add3afe0 Exception <a 'java/lang/NoSuchMethodError'{0x00000000888c54c0}: 'int java.lang.invoke.DirectMethodHandle$Holder.invokeStaticInit(java.lang.Object, long, long)'> (0x00000000888c54c0) 
thrown [s\src\hotspot\share\interpreter\linkResolver.cpp, line 773]
Event: 8.478 Thread 0x00000200add3afe0 Exception <a 'java/lang/NoSuchMethodError'{0x00000000888cc208}: 'int java.lang.invoke.DirectMethodHandle$Holder.invokeStaticInit(java.lang.Object, float, float)'> (0x00000000888cc208) 
thrown [s\src\hotspot\share\interpreter\linkResolver.cpp, line 773]
Event: 8.478 Thread 0x00000200add3afe0 Exception <a 'java/lang/NoSuchMethodError'{0x00000000888d2f48}: 'int java.lang.invoke.DirectMethodHandle$Holder.invokeStaticInit(java.lang.Object, double, double)'> (0x00000000888d2f48) 
thrown [s\src\hotspot\share\interpreter\linkResolver.cpp, line 773]
Event: 8.479 Thread 0x00000200add3afe0 Exception <a 'java/lang/NoSuchMethodError'{0x00000000888d7798}: 'int java.lang.invoke.DirectMethodHandle$Holder.invokeStatic(java.lang.Object, long)'> (0x00000000888d7798) 
thrown [s\src\hotspot\share\interpreter\linkResolver.cpp, line 773]
Event: 8.481 Thread 0x00000200add3afe0 Exception <a 'java/lang/NoSuchMethodError'{0x00000000888ebb70}: 'int java.lang.invoke.DirectMethodHandle$Holder.invokeSpecial(java.lang.Object, java.lang.Object, java.lang.Object, java.lang.Object)'> (0x00000000888ebb70) 
thrown [s\src\hotspot\share\interpreter\linkResolver.cpp, line 773]
Event: 8.482 Thread 0x00000200add3afe0 Exception <a 'java/lang/NoSuchMethodError'{0x00000000888fcbe8}: 'java.lang.Object java.lang.invoke.DirectMethodHandle$Holder.invokeSpecial(java.lang.Object, java.lang.Object, int, java.lang.Object, java.lang.Object)'> (0x00000000888fcbe8) 
thrown [s\src\hotspot\share\interpreter\linkResolver.cpp, line 773]
Event: 8.483 Thread 0x00000200add3afe0 Exception <a 'java/lang/NoSuchMethodError'{0x0000000088700898}: 'java.lang.Object java.lang.invoke.DelegatingMethodHandle$Holder.delegate(java.lang.Object, int, java.lang.Object, java.lang.Object)'> (0x0000000088700898) 
thrown [s\src\hotspot\share\interpreter\linkResolver.cpp, line 773]
Event: 8.485 Thread 0x00000200add3afe0 Exception <a 'java/lang/NoSuchMethodError'{0x000000008870fd58}: 'int java.lang.invoke.Invokers$Holder.linkToTargetMethod(java.lang.Object, java.lang.Object, java.lang.Object)'> (0x000000008870fd58) 
thrown [s\src\hotspot\share\interpreter\linkResolver.cpp, line 773]
Event: 8.492 Thread 0x00000200add3afe0 Exception <a 'java/lang/NoSuchMethodError'{0x0000000088747f10}: 'long java.lang.invoke.DirectMethodHandle$Holder.invokeSpecial(java.lang.Object, java.lang.Object)'> (0x0000000088747f10) 
thrown [s\src\hotspot\share\interpreter\linkResolver.cpp, line 773]
Event: 8.656 Thread 0x00000200add3afe0 Exception <a 'sun/nio/fs/WindowsException'{0x00000000886d4900}> (0x00000000886d4900) 
thrown [s\src\hotspot\share\prims\jni.cpp, line 520]

ZGC Phase Switch (0 events):
No events

VM Operations (20 events):
Event: 3.284 Executing VM operation: HandshakeAllThreads (Deoptimize)
Event: 3.284 Executing VM operation: HandshakeAllThreads (Deoptimize) done
Event: 3.304 Executing VM operation: HandshakeAllThreads (Deoptimize)
Event: 3.304 Executing VM operation: HandshakeAllThreads (Deoptimize) done
Event: 3.358 Executing VM operation: HandshakeAllThreads (Deoptimize)
Event: 3.358 Executing VM operation: HandshakeAllThreads (Deoptimize) done
Event: 3.642 Executing VM operation: HandshakeAllThreads (Deoptimize)
Event: 3.642 Executing VM operation: HandshakeAllThreads (Deoptimize) done
Event: 4.649 Executing VM operation: Cleanup
Event: 4.649 Executing VM operation: Cleanup done
Event: 8.471 Executing VM operation: HandshakeAllThreads (Deoptimize)
Event: 8.471 Executing VM operation: HandshakeAllThreads (Deoptimize) done
Event: 8.471 Executing VM operation: Cleanup
Event: 8.471 Executing VM operation: Cleanup done
Event: 8.613 Executing VM operation: HandshakeAllThreads (Deoptimize)
Event: 8.613 Executing VM operation: HandshakeAllThreads (Deoptimize) done
Event: 8.658 Executing VM operation: HandshakeAllThreads (Deoptimize)
Event: 8.658 Executing VM operation: HandshakeAllThreads (Deoptimize) done
Event: 8.688 Executing VM operation: G1CollectForAllocation (G1 Evacuation Pause)
Event: 8.695 Executing VM operation: G1CollectForAllocation (G1 Evacuation Pause) done

Memory protections (0 events):
No events

Nmethod flushes (0 events):
No events

Events (20 events):
Event: 0.179 Thread 0x00000200add3afe0 Thread added: 0x00000200add3afe0
Event: 0.452 Thread 0x00000200add3afe0 Thread added: 0x00000200c7e24750
Event: 0.452 Thread 0x00000200add3afe0 Thread added: 0x00000200c7e25770
Event: 0.453 Thread 0x00000200add3afe0 Thread added: 0x00000200c7e2aa40
Event: 0.453 Thread 0x00000200add3afe0 Thread added: 0x00000200c7e29000
Event: 0.453 Thread 0x00000200add3afe0 Thread added: 0x00000200c7e2a3b0
Event: 0.453 Thread 0x00000200add3afe0 Thread added: 0x00000200c7e29d20
Event: 0.453 Thread 0x00000200add3afe0 Thread added: 0x000002010d000080
Event: 0.453 Thread 0x00000200add3afe0 Thread added: 0x000002010d002730
Event: 0.574 Thread 0x00000200add3afe0 Thread added: 0x00000200c7e2b760
Event: 0.577 Thread 0x00000200add3afe0 Thread added: 0x00000200c7e29690
Event: 0.753 Thread 0x000002010d002730 Thread added: 0x000002010d2998d0
Event: 1.300 Thread 0x00000200add3afe0 Thread added: 0x00000200c7e2b0d0
Event: 1.543 Thread 0x000002010d2998d0 Thread exited: 0x000002010d2998d0
Event: 3.178 Thread 0x000002010d000080 Thread added: 0x000002010d98d790
Event: 3.634 Thread 0x000002010d98d790 Thread exited: 0x000002010d98d790
Event: 4.198 Thread 0x00000200add3afe0 Thread added: 0x00000200c7e2bdf0
Event: 7.883 Thread 0x00000200c7e2bdf0 Thread exited: 0x00000200c7e2bdf0
Event: 8.379 Thread 0x00000200add3afe0 Thread added: 0x00000200c7e2bdf0
Event: 8.622 Thread 0x000002010d002730 Thread added: 0x000002010e1d3ed0


Dynamic libraries:
0x00007ff62efa0000 - 0x00007ff62efae000 	C:\Users\gokulakrishnan.v\.p2\pool\plugins\org.eclipse.justj.openjdk.hotspot.jre.full.win32.x86_64_21.0.8.v20250724-1412\jre\bin\javaw.exe
0x00007ff9880d0000 - 0x00007ff9882c8000 	C:\Windows\SYSTEM32\ntdll.dll
0x00007ff987500000 - 0x00007ff9875c2000 	C:\Windows\System32\KERNEL32.DLL
0x00007ff985d50000 - 0x00007ff986046000 	C:\Windows\System32\KERNELBASE.dll
0x00007ff9857f0000 - 0x00007ff9858f0000 	C:\Windows\System32\ucrtbase.dll
0x00007ff9804a0000 - 0x00007ff9804b8000 	C:\Users\gokulakrishnan.v\.p2\pool\plugins\org.eclipse.justj.openjdk.hotspot.jre.full.win32.x86_64_21.0.8.v20250724-1412\jre\bin\jli.dll
0x00007ff986720000 - 0x00007ff9868bd000 	C:\Windows\System32\USER32.dll
0x00007ff985970000 - 0x00007ff985992000 	C:\Windows\System32\win32u.dll
0x00007ff9866f0000 - 0x00007ff98671b000 	C:\Windows\System32\GDI32.dll
0x00007ff9859a0000 - 0x00007ff985aba000 	C:\Windows\System32\gdi32full.dll
0x00007ff985ac0000 - 0x00007ff985b5d000 	C:\Windows\System32\msvcp_win.dll
0x00007ff980480000 - 0x00007ff98049e000 	C:\Users\gokulakrishnan.v\.p2\pool\plugins\org.eclipse.justj.openjdk.hotspot.jre.full.win32.x86_64_21.0.8.v20250724-1412\jre\bin\VCRUNTIME140.dll
0x00007ff971cc0000 - 0x00007ff971f5a000 	C:\Windows\WinSxS\amd64_microsoft.windows.common-controls_6595b64144ccf1df_6.0.19041.5794_none_60bcd33171f2783c\COMCTL32.dll
0x00007ff986100000 - 0x00007ff98619e000 	C:\Windows\System32\msvcrt.dll
0x00007ff9862f0000 - 0x00007ff98631f000 	C:\Windows\System32\IMM32.DLL
0x00007ff975680000 - 0x00007ff9757da000 	C:\Windows\system32\tmumh\20019\AddOn\8.55.0.1333\TmUmEvt64.dll
0x00007ff987820000 - 0x00007ff987828000 	C:\Windows\System32\PSAPI.DLL
0x00007ff9875d0000 - 0x00007ff98767f000 	C:\Windows\System32\ADVAPI32.dll
0x00007ff986530000 - 0x00007ff9865cf000 	C:\Windows\System32\sechost.dll
0x00007ff987ca0000 - 0x00007ff987dc3000 	C:\Windows\System32\RPCRT4.dll
0x00007ff985770000 - 0x00007ff985797000 	C:\Windows\System32\bcrypt.dll
0x0000000070510000 - 0x0000000070636000 	C:\Windows\system32\tmumh\20019\TmMon\2.9.0.1205\tmmon64.dll
0x00007ff9811e0000 - 0x00007ff9811ec000 	C:\Users\gokulakrishnan.v\.p2\pool\plugins\org.eclipse.justj.openjdk.hotspot.jre.full.win32.x86_64_21.0.8.v20250724-1412\jre\bin\vcruntime140_1.dll
0x00007ff95da60000 - 0x00007ff95daed000 	C:\Users\gokulakrishnan.v\.p2\pool\plugins\org.eclipse.justj.openjdk.hotspot.jre.full.win32.x86_64_21.0.8.v20250724-1412\jre\bin\msvcp140.dll
0x00007ff90d2a0000 - 0x00007ff90e037000 	C:\Users\gokulakrishnan.v\.p2\pool\plugins\org.eclipse.justj.openjdk.hotspot.jre.full.win32.x86_64_21.0.8.v20250724-1412\jre\bin\server\jvm.dll
0x00007ff9868c0000 - 0x00007ff98692b000 	C:\Windows\System32\WS2_32.dll
0x00007ff9855d0000 - 0x00007ff98561b000 	C:\Windows\SYSTEM32\POWRPROF.dll
0x00007ff973150000 - 0x00007ff973177000 	C:\Windows\SYSTEM32\WINMM.dll
0x00007ff97e890000 - 0x00007ff97e89a000 	C:\Windows\SYSTEM32\VERSION.dll
0x00007ff9855b0000 - 0x00007ff9855c2000 	C:\Windows\SYSTEM32\UMPDC.dll
0x00007ff983430000 - 0x00007ff983442000 	C:\Windows\SYSTEM32\kernel.appcore.dll
0x00007ff97c910000 - 0x00007ff97c91a000 	C:\Users\gokulakrishnan.v\.p2\pool\plugins\org.eclipse.justj.openjdk.hotspot.jre.full.win32.x86_64_21.0.8.v20250724-1412\jre\bin\jimage.dll
0x00007ff971a60000 - 0x00007ff971c61000 	C:\Windows\SYSTEM32\DBGHELP.DLL
0x00007ff971820000 - 0x00007ff971854000 	C:\Windows\SYSTEM32\dbgcore.DLL
0x00007ff985b60000 - 0x00007ff985be2000 	C:\Windows\System32\bcryptPrimitives.dll
0x00007ff97c8f0000 - 0x00007ff97c90f000 	C:\Users\gokulakrishnan.v\.p2\pool\plugins\org.eclipse.justj.openjdk.hotspot.jre.full.win32.x86_64_21.0.8.v20250724-1412\jre\bin\java.dll
0x00007ff986cf0000 - 0x00007ff98745e000 	C:\Windows\System32\SHELL32.dll
0x00007ff983710000 - 0x00007ff983eb3000 	C:\Windows\SYSTEM32\windows.storage.dll
0x00007ff986990000 - 0x00007ff986ce3000 	C:\Windows\System32\combase.dll
0x00007ff985130000 - 0x00007ff98515b000 	C:\Windows\SYSTEM32\Wldp.dll
0x00007ff987de0000 - 0x00007ff987ead000 	C:\Windows\System32\OLEAUT32.dll
0x00007ff987eb0000 - 0x00007ff987f5d000 	C:\Windows\System32\SHCORE.dll
0x00007ff986320000 - 0x00007ff986375000 	C:\Windows\System32\shlwapi.dll
0x00007ff9856a0000 - 0x00007ff9856c5000 	C:\Windows\SYSTEM32\profapi.dll
0x00007ff97c8d0000 - 0x00007ff97c8e8000 	C:\Users\gokulakrishnan.v\.p2\pool\plugins\org.eclipse.justj.openjdk.hotspot.jre.full.win32.x86_64_21.0.8.v20250724-1412\jre\bin\zip.dll
0x00007ff980510000 - 0x00007ff980520000 	C:\Users\gokulakrishnan.v\.p2\pool\plugins\org.eclipse.justj.openjdk.hotspot.jre.full.win32.x86_64_21.0.8.v20250724-1412\jre\bin\net.dll
0x00007ff97f950000 - 0x00007ff97fa5a000 	C:\Windows\SYSTEM32\WINHTTP.dll
0x00007ff984e90000 - 0x00007ff984efc000 	C:\Windows\system32\mswsock.dll
0x00007ff9804f0000 - 0x00007ff980506000 	C:\Users\gokulakrishnan.v\.p2\pool\plugins\org.eclipse.justj.openjdk.hotspot.jre.full.win32.x86_64_21.0.8.v20250724-1412\jre\bin\nio.dll
0x00007ff984bb0000 - 0x00007ff984c7a000 	C:\Windows\SYSTEM32\DNSAPI.dll
0x00007ff984b70000 - 0x00007ff984bab000 	C:\Windows\SYSTEM32\IPHLPAPI.DLL
0x00007ff986280000 - 0x00007ff986288000 	C:\Windows\System32\NSI.dll
0x00007ff97eee0000 - 0x00007ff97eeea000 	C:\Windows\System32\rasadhlp.dll
0x00007ff97eac0000 - 0x00007ff97eb40000 	C:\Windows\System32\fwpuclnt.dll
0x00007ff9665b0000 - 0x00007ff9665b9000 	C:\Users\gokulakrishnan.v\.p2\pool\plugins\org.eclipse.justj.openjdk.hotspot.jre.full.win32.x86_64_21.0.8.v20250724-1412\jre\bin\extnet.dll
0x00007ff985090000 - 0x00007ff9850a8000 	C:\Windows\SYSTEM32\CRYPTSP.dll
0x00007ff984750000 - 0x00007ff984788000 	C:\Windows\system32\rsaenh.dll
0x00007ff985620000 - 0x00007ff98564e000 	C:\Windows\SYSTEM32\USERENV.dll
0x00007ff985080000 - 0x00007ff98508c000 	C:\Windows\SYSTEM32\CRYPTBASE.dll
0x00007ff980440000 - 0x00007ff98044a000 	C:\Users\gokulakrishnan.v\.p2\pool\plugins\org.eclipse.justj.openjdk.hotspot.jre.full.win32.x86_64_21.0.8.v20250724-1412\jre\bin\management.dll
0x00007ff9802c0000 - 0x00007ff9802cb000 	C:\Users\gokulakrishnan.v\.p2\pool\plugins\org.eclipse.justj.openjdk.hotspot.jre.full.win32.x86_64_21.0.8.v20250724-1412\jre\bin\management_ext.dll
0x00007ff981b10000 - 0x00007ff981b1e000 	C:\Users\gokulakrishnan.v\.p2\pool\plugins\org.eclipse.justj.openjdk.hotspot.jre.full.win32.x86_64_21.0.8.v20250724-1412\jre\bin\sunmscapi.dll
0x00007ff985bf0000 - 0x00007ff985d4d000 	C:\Windows\System32\CRYPT32.dll
0x00007ff9851b0000 - 0x00007ff9851d7000 	C:\Windows\SYSTEM32\ncrypt.dll
0x00007ff985170000 - 0x00007ff9851ab000 	C:\Windows\SYSTEM32\NTASN1.dll
0x00007ff980210000 - 0x00007ff980217000 	C:\Windows\system32\wshunix.dll
0x00007ff97e2e0000 - 0x00007ff97e2f7000 	C:\Windows\system32\napinsp.dll

JVMTI agents: none

dbghelp: loaded successfully - version: 4.0.5 - missing functions: none
symbol engine: initialized successfully - sym options: 0x614 - pdb path: .;C:\Users\gokulakrishnan.v\.p2\pool\plugins\org.eclipse.justj.openjdk.hotspot.jre.full.win32.x86_64_21.0.8.v20250724-1412\jre\bin;C:\Windows\SYSTEM32;C:\Windows\WinSxS\amd64_microsoft.windows.common-controls_6595b64144ccf1df_6.0.19041.5794_none_60bcd33171f2783c;C:\Windows\system32\tmumh\20019\AddOn\8.55.0.1333;C:\Windows\system32\tmumh\20019\TmMon\2.9.0.1205;C:\Users\gokulakrishnan.v\.p2\pool\plugins\org.eclipse.justj.openjdk.hotspot.jre.full.win32.x86_64_21.0.8.v20250724-1412\jre\bin\server

VM Arguments:
jvm_args: -ea -Dfile.encoding=UTF-8 -Dstdout.encoding=UTF-8 -Dstderr.encoding=UTF-8 -XX:+ShowCodeDetailsInExceptionMessages 
java_command: org.testng.remote.RemoteTestNG -serport 65087 -protocol json -d C:\Users\gokulakrishnan.v\Documents\Changepond\Selenium\TestNGSelenium\test-output C:\Users\GOKULA~1.V\AppData\Local\Temp\testng-eclipse--1411876537\testng-customsuite.xml
java_class_path (initial): C:\Users\gokulakrishnan.v\eclipse\jee-2025-062\eclipse\configuration\org.eclipse.osgi\1008\0\.cp\lib\testng-remote.jar;C:\Users\gokulakrishnan.v\Documents\Changepond\Selenium\TestNGSelenium\bin;C:\Users\gokulakrishnan.v\Documents\Changepond\Selenium jar file\selenium-java-4.35.0\auto-service-annotations-1.1.1.jar;C:\Users\gokulakrishnan.v\Documents\Changepond\Selenium jar file\selenium-java-4.35.0\auto-service-annotations-1.1.1-sources.jar;C:\Users\gokulakrishnan.v\Documents\Changepond\Selenium jar file\selenium-java-4.35.0\byte-buddy-1.17.6.jar;C:\Users\gokulakrishnan.v\Documents\Changepond\Selenium jar file\selenium-java-4.35.0\byte-buddy-1.17.6-sources.jar;C:\Users\gokulakrishnan.v\Documents\Changepond\Selenium jar file\selenium-java-4.35.0\commons-exec-1.5.0.jar;C:\Users\gokulakrishnan.v\Documents\Changepond\Selenium jar file\selenium-java-4.35.0\commons-exec-1.5.0-sources.jar;C:\Users\gokulakrishnan.v\Documents\Changepond\Selenium jar file\selenium-java-4.35.0\error_prone_annotations-2.38.0.jar;C:\Users\gokulakrishnan.v\Documents\Changepond\Selenium jar file\selenium-java-4.35.0\error_prone_annotations-2.38.0-sources.jar;C:\Users\gokulakrishnan.v\Documents\Changepond\Selenium jar file\selenium-java-4.35.0\failureaccess-1.0.3.jar;C:\Users\gokulakrishnan.v\Documents\Changepond\Selenium jar file\selenium-java-4.35.0\failureaccess-1.0.3-sources.jar;C:\Users\gokulakrishnan.v\Documents\Changepond\Selenium jar file\selenium-java-4.35.0\guava-33.4.8-jre.jar;C:\Users\gokulakrishnan.v\Documents\Changepond\Selenium jar file\selenium-java-4.35.0\guava-33.4.8-jre-sources.jar;C:\Users\gokulakrishnan.v\Documents\Changepond\Selenium jar file\selenium-java-4.35.0\j2objc-annotations-3.0.0.jar;C:\Users\gokulakrishnan.v\Documents\Changepond\Selenium jar file\selenium-java-4.35.0\j2objc-annotations-3.0.0-sources.jar;C:\Users\gokulakrishnan.v\Documents\Changepond\Selenium jar file\selenium-java-4.35.0\jspecify-1.0.0.jar;C:\Users\gokulakrishnan.v\Documents\Changepond\Selenium jar file\selenium-java-4.35.0\jspecify-1.0.0-sources.jar;C:\Users\gokulakrishnan.v\Documents\Changepond\Selenium jar file\selenium-java-4.35.0\listenablefuture-9999.0-empty-to-avoid-conflict-with-guava.jar;C:\Users\gokulakrishnan.v\Documents\Changepond\Selenium jar file\selenium-java-4.35.0\opentelemetry-api-1.53.0.jar;C:\Users\gokulakrishnan.v\Documents\Changepond\Selenium jar file\selenium-java-4.35.0\opentelemetry-api-1.53.0-sources.jar;C:\Users\gokulakrishnan.v\Documents\Changepond\Selenium jar file\selenium-java-4.35.0\opentelemetry-common-1.53.0.jar;C:\Users\gokulakrishnan.v\Documents\Changepond\Selenium jar file\selenium-java-4.35.0\opentelemetry-common-1.53.0-sources.jar;C:\Users\gokulakrishnan.v\Documents\Changepond\Selenium jar file\selenium-java-4.35.0\opentelemetry-context-1.53.0.jar;C:\Users\gokulakrishnan.v\Documents\Changepond\Selenium jar file\selenium-java-4.35.0\opentelemetry-context-1.53.0-sources.jar;C:\Users\gokulakrishnan.v\Documents\Changepond\Selenium jar file\selenium-java-4.35.0\opentelemetry-exporter-logging-1.53.0.jar;C:\Users\gokulakrishnan.v\Documents\Changepond\Selenium jar file\selenium-java-4.35.0\opentelemetry-exporter-logging-1.53.0-sources.jar;C:\Users\gokulakrishnan.v\Documents\Changepond\Selenium jar file\selenium-java-4.35.0\opentelemetry-sdk-1.53.0.jar;C:\Users\gokulakrishnan.v\Documents\Changepond\Selenium jar file\selenium-java-4.35.0\opentelemetry-sdk-1.53.0-sources.jar;C:\Users\gokulakrishnan.v\Documents\Changepond\Selenium jar file\selenium-java-4.35.0\opentelemetry-sdk-common-1.53.0.jar;C:\Users\gokulakrishnan.v\Documents\Changepond\Selenium jar file\selenium-java-4.35.0\opentelemetry-sdk-common-1.53.0-sources.jar;C:\Users\gokulakrishnan.v\Documents\Changepond\Selenium jar file\selenium-java-4.35.0\opentelemetry-sdk-extension-autoconfigure-1.53.0.jar;C:\Users\gokulakrishnan.v\Documents\Changepond\Selenium jar file\selenium-java-4.35.0\opentelemetry-sdk-extension-autoconfigure-1.53.0-sources.jar;C:\Users\gokulakrishnan.v\Documents\Changepond\Selenium jar file\selenium-java-4.35.0\opentelemetry-sdk-extension-autoconfigure-spi-1.53.0.jar;C:\Users\gokulakrishnan.v\Documents\Changepond\Selenium jar file\selenium-java-4.35.0\opentelemetry-sdk-extension-autoconfigure-spi-1.53.0-sources.jar;C:\Users\gokulakrishnan.v\Documents\Changepond\Selenium jar file\selenium-java-4.35.0\opentelemetry-sdk-logs-1.53.0.jar;C:\Users\gokulakrishnan.v\Documents\Changepond\Selenium jar file\selenium-java-4.35.0\opentelemetry-sdk-logs-1.53.0-sources.jar;C:\Users\gokulakrishnan.v\Documents\Changepond\Selenium jar file\selenium-java-4.35.0\opentelemetry-sdk-metrics-1.53.0.jar;C:\Users\gokulakrishnan.v\Documents\Changepond\Selenium jar file\selenium-java-4.35.0\opentelemetry-sdk-metrics-1.53.0-sources.jar;C:\Users\gokulakrishnan.v\Documents\Changepond\Selenium jar file\selenium-java-4.35.0\opentelemetry-sdk-trace-1.53.0.jar;C:\Users\gokulakrishnan.v\Documents\Changepond\Selenium jar file\selenium-java-4.35.0\opentelemetry-sdk-trace-1.53.0-sources.jar;C:\Users\gokulakrishnan.v\Documents\Changepond\Selenium jar file\selenium-java-4.35.0\selenium-api-4.35.0.jar;C:\Users\gokulakrishnan.v\Documents\Changepond\Selenium jar file\selenium-java-4.35.0\selenium-api-4.35.0-sources.jar;C:\Users\gokulakrishnan.v\Documents\Changepond\Selenium jar file\selenium-java-4.35.0\selenium-chrome-driver-4.35.0.jar;C:\Users\gokulakrishnan.v\Documents\Changepond\Selenium jar file\selenium-java-4.35.0\selenium-chrome-driver-4.35.0-sources.jar;C:\Users\gokulakrishnan.v\Documents\Changepond\Selenium jar file\selenium-java-4.35.0\selenium-chromium-driver-4.35.0.jar;C:\Users\gokulakrishnan.v\Documents\Changepond\Selenium jar file\selenium-java-4.35.0\selenium-chromium-driver-4.35.0-sources.jar;C:\Users\gokulakrishnan.v\Documents\Changepond\Selenium jar file\selenium-java-4.35.0\selenium-devtools-v137-4.35.0.jar;C:\Users\gokulakrishnan.v\Documents\Changepond\Selenium jar file\selenium-java-4.35.0\selenium-devtools-v137-4.35.0-sources.jar;C:\Users\gokulakrishnan.v\Documents\Changepond\Selenium jar file\selenium-java-4.35.0\selenium-devtools-v138-4.35.0.jar;C:\Users\gokulakrishnan.v\Documents\Changepond\Selenium jar file\selenium-java-4.35.0\selenium-devtools-v138-4.35.0-sources.jar;C:\Users\gokulakrishnan.v\Documents\Changepond\Selenium jar file\selenium-java-4.35.0\selenium-devtools-v139-4.35.0.jar;C:\Users\gokulakrishnan.v\Documents\Changepond\Selenium jar file\selenium-java-4.35.0\selenium-devtools-v139-4.35.0-sources.jar;C:\Users\gokulakrishnan.v\Documents\Changepond\Selenium jar file\selenium-java-4.35.0\selenium-edge-driver-4.35.0.jar;C:\Users\gokulakrishnan.v\Documents\Changepond\Selenium jar file\selenium-java-4.35.0\selenium-edge-driver-4.35.0-sources.jar;C:\Users\gokulakrishnan.v\Documents\Changepond\Selenium jar file\selenium-java-4.35.0\selenium-firefox-driver-4.35.0.jar;C:\Users\gokulakrishnan.v\Documents\Changepond\Selenium jar file\selenium-java-4.35.0\selenium-firefox-driver-4.35.0-sources.jar;C:\Users\gokulakrishnan.v\Documents\Changepond\Selenium jar file\selenium-java-4.35.0\selenium-http-4.35.0.jar;C:\Users\gokulakrishnan.v\Documents\Changepond\Selenium jar file\selenium-java-4.35.0\selenium-http-4.35.0-sources.jar;C:\Users\gokulakrishnan.v\Documents\Changepond\Selenium jar file\selenium-java-4.35.0\selenium-ie-driver-4.35.0.jar;C:\Users\gokulakrishnan.v\Documents\Changepond\Selenium jar file\selenium-java-4.35.0\selenium-ie-driver-4.35.0-sources.jar;C:\Users\gokulakrishnan.v\Documents\Changepond\Selenium jar file\selenium-java-4.35.0\selenium-java-4.35.0.jar;C:\Users\gokulakrishnan.v\Documents\Changepond\Selenium jar file\selenium-java-4.35.0\selenium-java-4.35.0-sources.jar;C:\Users\gokulakrishnan.v\Documents\Changepond\Selenium jar file\selenium-java-4.35.0\selenium-json-4.35.0.jar;C:\Users\gokulakrishnan.v\Documents\Changepond\Selenium jar file\selenium-java-4.35.0\selenium-json-4.35.0-sources.jar;C:\Users\gokulakrishnan.v\Documents\Changepond\Selenium jar file\selenium-java-4.35.0\selenium-manager-4.35.0.jar;C:\Users\gokulakrishnan.v\Documents\Changepond\Selenium jar file\selenium-java-4.35.0\selenium-manager-4.35.0-sources.jar;C:\Users\gokulakrishnan.v\Documents\Changepond\Selenium jar file\selenium-java-4.35.0\selenium-os-4.35.0.jar;C:\Users\gokulakrishnan.v\Documents\Changepond\Selenium jar file\selenium-java-4.35.0\selenium-os-4.35.0-sources.jar;C:\Users\gokulakrishnan.v\Documents\Changepond\Selenium jar file\selenium-java-4.35.0\selenium-remote-driver-4.35.0.jar;C:\Users\gokulakrishnan.v\Documents\Changepond\Selenium jar file\selenium-java-4.35.0\selenium-remote-driver-4.35.0-sources.jar;C:\Users\gokulakrishnan.v\Documents\Changepond\Selenium jar file\selenium-java-4.35.0\selenium-safari-driver-4.35.0.jar;C:\Users\gokulakrishnan.v\Documents\Changepond\Selenium jar file\selenium-java-4.35.0\selenium-safari-driver-4.35.0-sources.jar;C:\Users\gokulakrishnan.v\Documents\Changepond\Selenium jar file\selenium-java-4.35.0\selenium-support-4.35.0.jar;C:\Users\gokulakrishnan.v\Documents\Changepond\Selenium jar file\selenium-java-4.35.0\selenium-support-4.35.0-sources.jar;C:\Users\gokulakrishnan.v\.p2\pool\plugins\org.testng_7.11.0.r202503091654.jar;C:\Users\gokulakrishnan.v\.p2\pool\plugins\com.beust.jcommander_1.83.0.jar;C:\Users\gokulakrishnan.v\.p2\pool\plugins\slf4j.api_2.0.17.jar;C:\Users\gokulakrishnan.v\.p2\pool\plugins\org.yaml.snakeyaml_2.2.0.jar;C:\Users\gokulakrishnan.v\.p2\pool\plugins\org.webjars.jquery_3.7.1.jar
Launcher Type: SUN_STANDARD

[Global flags]
     intx CICompilerCount                          = 3                                         {product} {ergonomic}
     uint ConcGCThreads                            = 1                                         {product} {ergonomic}
     uint G1ConcRefinementThreads                  = 4                                         {product} {ergonomic}
   size_t G1HeapRegionSize                         = 1048576                                   {product} {ergonomic}
    uintx GCDrainStackTargetSize                   = 64                                        {product} {ergonomic}
   size_t InitialHeapSize                          = 134217728                                 {product} {ergonomic}
   size_t MarkStackSize                            = 4194304                                   {product} {ergonomic}
   size_t MaxHeapSize                              = 2122317824                                {product} {ergonomic}
   size_t MaxNewSize                               = 1272971264                                {product} {ergonomic}
   size_t MinHeapDeltaBytes                        = 1048576                                   {product} {ergonomic}
   size_t MinHeapSize                              = 8388608                                   {product} {ergonomic}
    uintx NonNMethodCodeHeapSize                   = 5832780                                {pd product} {ergonomic}
    uintx NonProfiledCodeHeapSize                  = 122912730                              {pd product} {ergonomic}
    uintx ProfiledCodeHeapSize                     = 122912730                              {pd product} {ergonomic}
    uintx ReservedCodeCacheSize                    = 251658240                              {pd product} {ergonomic}
     bool SegmentedCodeCache                       = true                                      {product} {ergonomic}
     bool ShowCodeDetailsInExceptionMessages       = true                                   {manageable} {command line}
   size_t SoftMaxHeapSize                          = 2122317824                             {manageable} {ergonomic}
     bool UseCompressedOops                        = true                           {product lp64_product} {ergonomic}
     bool UseG1GC                                  = true                                      {product} {ergonomic}
     bool UseLargePagesIndividualAllocation        = false                                  {pd product} {ergonomic}

Logging:
Log output configuration:
 #0: stdout all=warning uptime,level,tags foldmultilines=false
 #1: stderr all=off uptime,level,tags foldmultilines=false

Environment Variables:
JAVA_HOME=C:\Program Files\Java\jdk-21
PATH=C:/Users/gokulakrishnan.v/.p2/pool/plugins/org.eclipse.justj.openjdk.hotspot.jre.full.win32.x86_64_21.0.8.v20250724-1412/jre/bin/server;C:/Users/gokulakrishnan.v/.p2/pool/plugins/org.eclipse.justj.openjdk.hotspot.jre.full.win32.x86_64_21.0.8.v20250724-1412/jre/bin;C:\Program Files\Common Files\Oracle\Java\javapath;C:\Program Files (x86)\Common Files\Oracle\Java\javapath;C:\Windows\system32;C:\Windows;C:\Windows\System32\Wbem;C:\Windows\System32\WindowsPowerShell\v1.0\;C:\Windows\System32\OpenSSH\;C:\Program Files\TortoiseSVN\bin;C:\Program Files\Microsoft SQL Server\150\Tools\Binn\;C:\Program Files\nodejs\;C:\Program Files\Microsoft VS Code\bin;C:\apache-jmeter-5.6.3\apache-jmeter-5.6.3\bin;C:\Program Files\Java\jdk-21\bin;C:\Program Files\Microsoft SQL Server\Client SDK\ODBC\170\Tools\Binn\;C:\Program Files\dotnet\;C:\Users\gokulakrishnan.v\AppData\Local\Microsoft\WindowsApps;C:\Users\gokulakrishnan.v\AppData\Local\Programs\Git\cmd;C:\Users\gokulakrishnan.v\Desktop;
USERNAME=gokulakrishnan.v
OS=Windows_NT
PROCESSOR_IDENTIFIER=Intel64 Family 6 Model 42 Stepping 7, GenuineIntel
TMP=C:\Users\GOKULA~1.V\AppData\Local\Temp
TEMP=C:\Users\GOKULA~1.V\AppData\Local\Temp




Periodic native trim disabled

---------------  S Y S T E M  ---------------

OS:
 Windows 10 , 64 bit Build 19041 (10.0.19041.5794)
OS uptime: 5 days 15:45 hours

CPU: total 4 (initial active 4) (2 cores per cpu, 2 threads per core) family 6 model 42 stepping 7 microcode 0x2f, cx8, cmov, fxsr, ht, mmx, sse, sse2, sse3, ssse3, sse4.1, sse4.2, popcnt, tsc, tscinvbit, avx, clmul, vzeroupper, clflush, rdtscp
Processor Information for the first 4 processors :
  Max Mhz: 3300, Current Mhz: 3300, Mhz Limit: 3300

Memory: 4k page, system-wide physical 8089M (653M free)
TotalPageFile size 12185M (AvailPageFile size 3M)
current process WorkingSet (physical memory assigned to process): 111M, peak: 111M
current process commit charge ("private bytes"): 243M, peak: 243M

vm_info: OpenJDK 64-Bit Server VM (21.0.8+9-LTS) for windows-amd64 JRE (21.0.8+9-LTS), built on 2025-07-15T00:00:00Z by "admin" with MS VC++ 17.7 (VS2022)

END.
